140	1.2	0
-3.141593	1.599406	1.426070
2.380392	2.500101	-0.120466
rec.job428675.bl.pdb	14.381	30.673	30.933
lig.job428675.bl.pdb	34.764	-24.808	0.189
-3.141593	1.195355	1.200319	116	133	14	1363.625
-1.308997	1.045978	0.343692	6	103	139	1276.365
1.308997	2.073035	2.027405	6	8	27	1268.894
-1.570796	2.138223	1.678323	4	100	134	1266.188
-1.832596	1.214854	-1.966664	4	30	122	1241.609
-3.141593	1.310100	1.488307	117	133	15	1239.919
1.570796	1.488617	1.159546	138	29	115	1232.367
1.570796	0.866395	-2.492918	137	102	138	1229.008
1.047198	2.063651	-2.044600	136	40	121	1219.480
-1.570796	1.555207	1.708892	4	100	132	1206.152
-1.832596	2.456751	-1.503343	3	94	4	1204.938
-1.570796	1.872854	1.543456	5	101	132	1203.008
-1.832596	1.824694	1.850876	0	99	136	1182.047
1.570796	1.195355	1.200319	1	29	114	1177.837
-2.879793	2.247462	0.191623	111	5	8	1173.150
-2.879793	2.664082	-1.071402	136	106	125	1171.173
-2.617994	1.214854	-1.966664	137	24	112	1170.338
-2.356194	1.617114	-1.572037	15	26	125	1170.262
-1.570796	2.073035	2.027405	2	99	138	1165.984
-1.047198	2.295480	1.008277	1	106	18	1165.328
-2.094395	2.719179	-1.780644	2	94	6	1164.020
0.000000	2.349581	-2.702517	112	127	3	1157.762
2.879793	0.831641	0.616218	115	131	20	1150.277
-1.308997	2.115563	0.685730	4	103	14	1149.482
1.308997	1.870545	-2.976234	127	101	138	1141.750
-1.570796	1.184361	0.625864	2	102	1	1140.897
1.308997	1.741644	-2.695914	127	103	134	1140.634
-1.570796	1.824694	1.850876	4	100	136	1140.172
2.617994	2.349581	-2.702517	21	19	7	1135.918
-1.570796	2.393226	1.857173	2	100	139	1133.590
-1.570796	2.108018	1.311430	125	106	139	1133.229
-3.141593	0.906588	1.252948	115	131	13	1132.402
0.785398	0.619654	-2.216909	6	103	129	1131.201
1.047198	2.295480	1.008277	130	36	128	1130.990
-1.308997	2.393226	1.857173	5	101	137	1130.762
2.879793	2.356369	3.005869	26	11	4	1129.828
-1.570796	2.592629	0.909713	131	103	6	1129.117
1.047198	2.592629	0.909713	135	33	125	1124.479
1.570796	2.073035	2.027405	7	9	27	1123.037
-1.308997	0.700570	1.559208	5	102	132	1120.615
-1.570796	2.295480	1.008277	129	104	139	1120.405
0.785398	2.063651	-2.044600	139	41	122	1120.215
-1.832596	2.407836	1.410646	9	100	4	1116.289
1.570796	1.310100	1.488307	139	32	117	1114.007
0.523599	1.809167	1.213774	124	102	137	1113.891
-1.308997	1.367556	0.358405	4	102	0	1113.219
1.308997	1.948085	-2.363031	127	105	134	1112.105
-0.523599	0.591903	2.010408	17	13	15	1109.308
-1.832596	1.555207	1.708892	0	99	132	1102.844
1.308997	2.041297	-2.664597	126	104	137	1102.056
-0.261799	2.984978	1.954446	139	103	6	1100.591
0.785398	2.863997	0.549740	132	32	126	1095.844
-2.617994	2.295480	1.008277	15	33	128	1089.231
-2.617994	2.979456	-1.009304	138	103	129	1088.703
-2.617994	0.685216	-1.712745	28	11	0	1083.495
-1.047198	1.998705	2.370472	115	0	18	1081.293
0.000000	0.906588	1.252948	20	19	10	1076.478
2.356194	0.762244	-0.273349	135	29	120	1075.712
1.570796	1.875281	0.107086	133	37	134	1075.633
-1.308997	2.073035	2.027405	4	101	138	1074.742
-1.047198	2.033014	2.977192	123	4	21	1074.495
-1.308997	2.456751	-1.503343	16	26	123	1074.092
2.617994	0.458961	-0.107937	138	36	139	1071.969
-0.261799	0.910508	1.903534	16	11	16	1071.857
1.832596	0.866955	-0.931351	136	99	136	1071.367
-2.356194	0.929350	-2.910676	15	139	21	1068.169
-2.356194	2.979456	-1.009304	1	103	128	1067.913
0.000000	2.760637	2.781135	9	105	4	1067.621
0.523599	2.724429	-0.348782	1	34	130	1064.258
1.832596	1.045978	0.343692	8	37	137	1060.984
0.785398	0.419640	2.974122	114	128	12	1060.416
-1.832596	2.704512	1.488683	7	100	8	1059.016
-2.356194	0.419640	2.974122	19	1	14	1057.405
1.570796	0.850607	-1.335383	131	100	0	1052.219
0.523599	1.214854	-1.966664	128	110	123	1051.872
1.047198	2.108018	1.311430	133	38	128	1050.727
2.356194	2.881233	-2.582574	22	21	12	1050.601
0.000000	2.041297	-2.664597	111	129	139	1050.456
-1.308997	2.637879	2.121598	1	100	2	1049.859
-2.879793	2.979456	-1.009304	134	103	130	1043.836
1.570796	2.343981	-1.040456	139	99	8	1042.609
1.570796	1.335669	0.897240	1	26	112	1041.980
0.523599	2.251330	-2.330739	0	41	123	1041.418
-3.141593	2.664082	-1.071402	133	106	126	1039.680
-1.832596	2.063651	-2.044600	18	25	122	1039.283
1.832596	2.719179	-1.780644	22	115	16	1038.894
-1.832596	1.510910	-0.740472	15	32	123	1038.112
1.308997	2.881233	-2.582574	134	103	6	1038.092
-1.832596	1.448123	-2.163292	6	31	123	1037.914
-3.141593	2.724429	-0.348782	112	121	132	1037.748
-1.832596	1.599406	1.426070	1	100	128	1037.373
1.308997	2.592629	0.909713	132	31	125	1036.477
-1.570796	1.504028	0.636812	4	101	3	1035.320
1.570796	2.456751	-1.503343	139	101	16	1033.742
-1.570796	1.247695	1.809890	7	100	135	1032.336
-1.832596	1.506530	1.988858	139	98	135	1032.121
2.617994	2.164094	-2.991358	19	12	13	1031.284
-1.308997	2.138223	1.678323	4	102	135	1030.094
-2.356194	1.128190	-2.288622	0	28	113	1029.648
-1.308997	0.203748	0.590255	9	103	5	1029.412
1.570796	0.571433	-1.188419	133	100	137	1029.234
-3.141593	2.979456	-1.009304	132	104	130	1029.163
-1.832596	2.863997	0.549740	131	104	134	1028.331
1.047198	0.992645	-1.723759	129	105	135	1028.318
0.523599	0.619654	-2.216909	4	102	129	1028.021
1.308997	2.108018	1.311430	137	33	121	1025.815
2.094395	0.080730	-2.622036	11	104	6	1024.471
2.356194	2.579248	-2.364801	22	15	15	1023.748
0.785398	1.909857	-0.381669	114	122	123	1022.905
1.570796	1.247695	1.809890	138	34	121	1022.832
1.570796	1.809167	1.213774	138	30	117	1022.625
-1.570796	1.310100	1.488307	4	101	138	1021.867
-2.879793	2.138223	1.678323	119	137	20	1021.439
1.832596	0.700570	1.559208	135	34	119	1019.711
1.308997	1.658653	-2.409879	125	105	130	1019.542
-2.094395	1.836682	-0.676006	122	109	126	1019.320
1.308997	2.001437	0.381215	7	35	133	1017.781
0.785398	2.356369	3.005869	121	105	138	1017.621
2.356194	0.831641	0.616218	0	27	115	1016.953
-1.570796	0.700570	1.559208	1	101	133	1016.367
0.000000	2.979456	-1.009304	18	33	131	1015.967
1.047198	2.164094	-2.991358	125	103	135	1015.838
2.617994	2.478122	2.609777	24	14	10	1015.816
-1.832596	1.433411	-1.035986	8	34	127	1015.703
1.570796	1.128190	-2.288622	4	103	137	1015.570
2.094395	0.619654	-2.216909	1	37	116	1015.496
-0.785398	2.356369	3.005869	2	42	125	1015.211
1.570796	1.194549	-0.801900	129	99	133	1014.824
-1.570796	2.251330	-2.330739	14	31	123	1014.090
2.879793	0.866955	-0.931351	133	26	115	1013.985
-1.308997	1.025536	1.576859	7	102	132	1013.535
1.570796	1.599406	1.426070	134	36	128	1013.344
-0.261799	2.104282	-0.813972	26	3	24	1012.868
0.261799	2.247462	0.191623	27	11	135	1012.024
2.879793	1.569311	-3.003978	4	26	112	1011.623
1.570796	2.247462	0.191623	137	38	0	1010.797
0.000000	1.488617	1.159546	19	7	18	1009.786
1.308997	2.456751	-1.503343	135	102	16	1009.068
-2.617994	1.846342	-1.796954	15	16	114	1008.414
-1.832596	1.696674	-1.253233	2	94	11	1008.383
-2.094395	0.685216	-1.712745	130	33	126	1007.938
2.094395	2.637879	2.121598	134	93	0	1007.828
1.570796	1.662363	0.915448	1	27	115	1007.620
1.570796	1.554776	0.100351	133	36	129	1007.391
1.832596	1.998705	2.370472	10	4	24	1007.119
-3.141593	1.448123	-2.163292	23	12	5	1007.115
-2.356194	1.214854	-1.966664	137	24	112	1005.604
0.785398	2.407836	1.410646	20	11	13	1005.324
1.308997	1.195355	1.200319	4	30	114	1005.058
2.879793	1.488617	1.159546	119	5	21	1004.986
-2.617994	2.637879	2.121598	114	113	10	1004.740
2.879793	1.982574	-1.115518	107	131	22	1004.694
-1.308997	2.299159	2.264663	2	100	0	1004.203
-0.261799	1.658653	-2.409879	116	132	13	1003.486
1.832596	0.571433	-1.188419	136	99	137	1002.828
2.879793	1.310100	1.488307	116	137	14	1000.269
-0.523599	1.242974	-2.977882	17	8	25	998.642
-1.570796	0.910508	1.903534	5	100	136	998.312
0.261799	1.977582	0.969896	20	2	17	997.822
2.879793	2.456751	-1.503343	26	15	7	997.522
-1.570796	1.977582	0.969896	132	103	1	996.951
1.047198	1.977582	0.969896	130	34	123	996.925
-1.308997	1.766067	2.153843	3	42	126	996.242
-0.261799	2.033014	2.977192	111	129	11	995.801
-1.570796	1.506530	1.988858	3	99	135	995.297
2.879793	1.391910	3.030322	6	28	115	994.758
-2.879793	0.733948	3.021411	23	8	11	994.606
0.000000	1.662363	0.915448	20	5	18	994.149
-2.094395	2.153910	-1.714959	2	93	6	993.641
-1.832596	2.138223	1.678323	1	99	137	993.277
-1.308997	1.184361	0.625864	7	104	139	992.781
1.832596	0.929350	-2.910676	13	104	6	992.292
-1.832596	2.180315	-1.357379	3	94	12	991.508
-1.832596	1.872854	1.543456	1	99	132	991.504
1.832596	1.025536	1.576859	138	32	117	991.473
-1.570796	1.904882	-1.478089	5	95	8	991.289
-0.261799	1.846342	-1.796954	113	134	4	990.517
1.047198	0.419640	2.974122	118	8	13	990.434
1.308997	1.134497	-1.109631	125	101	136	990.312
-2.356194	2.637879	2.121598	116	110	10	989.372
0.785398	2.295480	1.008277	134	38	128	989.242
-3.141593	0.866955	-0.931351	2	23	114	989.235
2.356194	0.674054	1.013609	138	31	117	988.945
-2.094395	0.960688	-0.577532	10	32	120	988.914
0.523599	2.138223	1.678323	20	4	13	988.905
1.570796	1.135834	-1.431087	133	100	2	988.492
-2.879793	2.863997	0.549740	137	98	2	986.820
-1.570796	1.617114	-1.572037	137	27	118	986.176
1.570796	1.014500	0.906702	5	26	111	985.855
-1.047198	0.418037	1.360082	19	16	20	985.400
-2.356194	1.448123	-2.163292	139	23	110	984.909
-3.141593	1.617114	-1.572037	19	6	22	984.271
0.523599	2.104282	-0.813972	7	22	114	984.160
-0.261799	0.419640	2.974122	113	4	10	983.840
-0.785398	2.724429	-0.348782	136	38	132	983.000
0.785398	2.251330	-2.330739	134	40	121	982.342
-1.570796	1.599406	1.426070	4	101	128	982.309
-2.094395	0.899350	-2.069907	127	38	132	981.781
2.094395	0.700570	1.559208	132	93	132	980.648
1.308997	1.809167	1.213774	139	31	118	980.352
1.047198	1.870545	-2.976234	125	104	138	980.289
-0.261799	0.640596	-2.797608	111	133	4	980.077
-0.261799	0.591903	2.010408	18	13	15	979.107
-3.141593	1.904882	-1.478089	24	129	15	979.002
2.094395	0.906588	1.252948	135	31	117	978.042
-1.570796	1.025536	1.576859	3	101	135	978.023
-1.570796	0.850607	-1.335383	4	94	137	977.570
0.785398	0.370812	-2.547742	113	1	12	977.479
0.523599	0.379747	-1.713059	112	123	10	977.466
-2.356194	0.733948	3.021411	27	15	3	977.267
1.570796	1.045978	0.343692	14	30	127	976.812
0.000000	1.736875	3.023612	115	121	16	976.678
1.832596	2.180315	-1.357379	131	99	5	976.375
1.308997	1.488617	1.159546	0	31	115	975.284
1.308997	2.115563	0.685730	134	25	114	975.201
1.047198	1.195355	1.200319	1	2	31	975.197
0.785398	2.592629	0.909713	132	37	130	974.770
-0.785398	2.579248	-2.364801	115	127	21	974.059
-2.094395	2.407836	1.410646	5	99	5	973.398
-2.094395	2.704512	1.488683	3	99	8	973.328
1.308997	2.295480	1.008277	135	29	118	972.457
2.617994	0.370812	-2.547742	0	37	115	972.383
1.832596	0.906588	1.252948	136	31	116	972.360
-1.570796	1.168678	2.108595	2	40	120	972.027
0.785398	2.187132	-0.479875	112	122	127	971.965
0.523599	2.863997	0.549740	135	35	128	971.789
0.785398	1.977582	0.969896	17	137	22	971.049
-2.617994	0.733948	3.021411	22	13	11	970.904
-1.570796	1.696674	-1.253233	129	27	120	970.125
2.356194	2.379497	0.561089	20	7	29	970.028
-1.832596	0.418037	1.360082	139	106	17	969.506
-1.570796	0.864993	2.278281	4	99	3	969.406
-0.523599	2.724429	-0.348782	137	39	137	969.062
-1.570796	2.478122	2.609777	124	3	24	969.006
1.570796	1.658653	-2.409879	139	102	132	968.604
0.000000	1.870545	-2.976234	114	125	12	968.275
1.570796	2.108018	1.311430	136	31	119	968.062
0.261799	1.606104	-0.451151	118	125	120	967.067
-1.570796	1.766067	2.153843	2	99	139	966.523
0.523599	1.325504	-1.671296	131	112	121	965.451
1.308997	2.153910	-1.714959	0	102	13	965.365
2.617994	2.299159	2.264663	20	19	16	965.322
-2.094395	1.510910	-0.740472	18	29	123	964.539
-2.617994	0.866395	-2.492918	19	4	18	964.431
2.879793	1.846342	-1.796954	14	7	27	963.375
-2.356194	0.866395	-2.492918	20	5	18	963.025
0.785398	0.640596	-2.797608	115	4	16	962.319
-0.261799	1.194549	-0.801900	27	20	18	961.775
1.308997	1.812176	0.656819	14	29	128	961.683
1.570796	1.872854	1.543456	132	37	132	961.660
0.523599	0.496451	0.593859	19	29	138	961.601
-2.356194	0.619654	-2.216909	23	7	14	961.580
-1.570796	1.335669	0.897240	128	104	12	961.570
1.570796	1.214854	-1.966664	5	104	134	961.058
1.832596	0.899350	-2.069907	2	37	117	960.922
0.261799	1.569311	-3.003978	115	120	13	960.729
-0.785398	0.458961	-0.107937	2	104	129	960.425
-0.785398	2.456751	-1.503343	9	31	122	959.414
2.617994	1.218453	2.777284	118	2	24	959.400
2.356194	2.349581	-2.702517	21	17	7	958.404
1.308997	1.617114	-1.572037	123	102	4	957.840
0.261799	0.910508	1.903534	27	13	139	957.670
1.832596	1.256302	0.062705	135	32	124	957.625
2.356194	0.591903	2.010408	121	9	18	957.119
2.094395	1.113094	-0.272241	135	32	122	956.281
0.785398	2.393226	1.857173	21	4	11	955.379
-2.879793	0.914445	2.687814	23	8	14	954.984
0.261799	2.180315	-1.357379	118	127	127	954.234
0.261799	0.419640	2.974122	111	130	10	952.928
0.523599	2.343981	-1.040456	6	25	114	952.893
2.879793	1.168678	2.108595	111	131	14	952.633
-2.879793	0.685216	-1.712745	27	8	0	951.925
0.523599	0.640596	-2.797608	119	8	17	951.924
-1.570796	1.683268	0.374177	139	100	3	951.914
1.832596	1.335669	0.897240	139	26	112	951.879
1.308997	2.455966	-0.641220	123	101	136	951.648
-2.879793	2.073035	2.027405	114	125	18	951.319
-2.879793	0.419640	2.974122	1	113	22	950.889
1.832596	1.195355	1.200319	3	10	32	950.396
0.785398	2.881233	-2.582574	7	103	6	950.067
2.617994	1.732874	-0.951685	107	134	22	950.052
1.570796	0.866955	-0.931351	129	99	131	949.766
2.094395	2.299159	2.264663	3	93	3	949.664
0.261799	2.343981	-1.040456	7	24	114	949.199
-0.261799	1.510910	-0.740472	25	17	23	948.900
1.047198	0.906588	1.252948	138	4	33	948.890
1.832596	1.875281	0.107086	130	37	138	948.719
-0.261799	2.588535	-2.976617	112	127	6	948.612
1.308997	1.433411	-1.035986	122	101	136	948.004
1.570796	1.977582	0.969896	135	27	115	947.498
-1.047198	1.134796	2.434290	139	9	29	947.347
-1.832596	1.904882	-1.478089	139	93	136	947.246
-1.570796	0.640596	-2.797608	21	116	18	947.164
-3.141593	1.374601	-2.456031	115	116	115	946.910
0.785398	0.866395	-2.492918	3	102	127	946.730
0.523599	2.295480	1.008277	138	39	129	946.570
-1.570796	2.704512	1.488683	6	101	135	946.262
-2.617994	2.664082	-1.071402	0	105	125	946.133
-2.617994	1.184361	0.625864	119	110	9	945.203
-0.523599	0.700570	1.559208	19	10	16	945.032
1.570796	2.180315	-1.357379	127	100	5	944.867
0.785398	0.685216	-1.712745	113	118	13	944.566
-2.617994	1.756530	-2.105156	17	19	116	944.488
0.000000	1.310100	1.488307	13	12	23	944.464
2.356194	2.153910	-1.714959	21	113	18	944.283
0.000000	2.251330	-2.330739	113	130	138	944.116
-3.141593	2.456751	-1.503343	26	14	11	943.880
-2.094395	1.413347	-1.339188	135	93	134	943.852
-0.261799	1.325504	-1.671296	117	4	21	943.496
-2.879793	1.128190	-2.288622	114	115	116	943.465
1.570796	2.063651	-2.044600	8	104	3	943.140
1.570796	1.904882	-1.478089	139	100	9	942.812
-0.785398	2.664082	-1.071402	17	27	124	942.715
1.047198	2.863997	0.549740	129	30	125	942.035
-1.308997	0.496451	0.593859	6	103	5	941.691
-2.879793	1.617114	-1.572037	20	9	22	941.621
0.523599	0.370812	-2.547742	115	1	13	941.333
-0.261799	1.218453	2.777284	18	11	21	941.096
0.523599	0.866395	-2.492918	116	5	20	941.069
0.261799	1.135834	-1.431087	28	30	3	940.719
2.356194	1.218453	2.777284	119	5	24	940.527
1.047198	2.138223	1.678323	136	39	133	940.328
-2.356194	2.984978	1.954446	115	139	5	940.268
-2.094395	0.762244	-0.273349	6	32	117	939.834
-2.879793	1.391910	3.030322	22	9	14	939.087
-2.617994	2.760637	2.781135	115	1	18	939.078
0.000000	1.195355	1.200319	17	13	20	938.837
2.094395	0.674054	1.013609	139	32	119	938.773
1.308997	1.555207	1.708892	3	34	120	938.569
0.261799	1.732874	-0.951685	25	19	20	938.542
-1.832596	1.998705	2.370472	2	98	7	938.078
-1.308997	1.599406	1.426070	7	103	129	937.762
-1.047198	1.766067	2.153843	5	43	125	937.633
1.308997	1.510910	-0.740472	122	102	132	937.450
-2.356194	2.404280	-0.174044	28	4	124	936.925
-1.308997	1.872854	1.543456	4	103	132	936.918
-3.141593	1.977582	0.969896	115	129	19	936.512
1.047198	2.579248	-2.364801	5	104	8	936.256
2.879793	2.719179	-1.780644	25	15	12	936.171
-1.832596	1.545873	-1.877082	16	23	114	935.760
1.308997	1.135834	-1.431087	132	102	3	935.745
0.523599	0.419640	2.974122	112	128	11	935.455
-1.308997	1.812176	0.656819	9	103	10	935.182
2.617994	0.864993	2.278281	2	110	23	934.808
-1.570796	1.488617	1.159546	128	105	13	934.465
2.879793	1.732874	-0.951685	107	129	22	934.104
-0.523599	1.982574	-1.115518	115	29	138	933.584
0.261799	2.104282	-0.813972	10	21	114	933.229
1.570796	1.766067	2.153843	8	21	19	933.197
-2.879793	1.450119	-2.739050	9	138	27	933.021
1.570796	2.153910	-1.714959	14	28	116	932.852
1.308997	0.619654	-2.216909	7	103	132	932.493
2.617994	0.418037	1.360082	113	118	7	932.484
-1.570796	1.809167	1.213774	136	106	17	932.443
1.308997	1.599406	1.426070	2	32	117	932.059
-2.879793	1.242974	-2.977882	22	14	10	931.967
0.000000	2.343981	-1.040456	9	23	114	931.857
-2.094395	0.929350	-2.910676	20	139	19	931.560
1.832596	2.396274	-1.959260	134	105	127	931.215
1.308997	2.063651	-2.044600	125	107	132	931.111
1.308997	1.569311	-3.003978	129	100	135	931.047
-2.879793	0.866955	-0.931351	112	137	17	930.886
1.047198	2.089241	-0.114193	114	123	123	930.739
2.094395	0.418037	1.360082	136	94	3	930.086
-2.356194	2.295480	1.008277	116	119	16	929.820
1.832596	2.164094	-2.991358	13	104	135	929.182
0.000000	2.724429	-0.348782	130	30	123	928.902
1.570796	1.824694	1.850876	139	34	124	928.461
2.879793	1.756530	-2.105156	13	6	27	928.434
-2.356194	2.724429	-0.348782	29	8	130	928.361
-1.570796	1.545873	-1.877082	15	27	115	928.334
-2.617994	1.904882	-1.478089	12	13	113	928.289
-1.570796	1.812176	0.656819	5	102	11	927.873
-2.879793	1.870545	-2.976234	23	20	5	927.113
2.617994	1.506530	1.988858	110	128	15	926.693
-1.570796	2.115563	0.685730	134	102	7	926.615
-1.308997	2.174483	2.653697	122	127	23	926.611
2.356194	0.297065	2.160177	120	109	10	926.544
1.570796	1.325504	-1.671296	134	101	7	926.461
1.832596	2.456751	-1.503343	135	100	8	925.906
0.785398	2.760637	2.781135	123	102	5	925.185
1.832596	2.664082	-1.071402	139	100	13	925.031
-2.356194	1.599406	1.426070	118	114	7	924.729
1.570796	0.906588	1.252948	5	30	114	924.267
1.832596	1.555207	1.708892	133	93	1	924.219
1.570796	1.433411	-1.035986	137	99	139	923.965
2.879793	1.904882	-1.478089	17	6	24	923.868
-3.141593	0.418037	1.360082	121	108	11	923.759
1.832596	1.417623	-0.202254	136	33	122	923.738
2.356194	0.618092	2.539118	111	136	12	923.606
0.000000	0.290380	-0.796960	21	7	20	923.536
-2.617994	0.906588	1.252948	113	128	0	923.511
-1.047198	1.256302	0.062705	8	102	137	923.375
-2.879793	1.374601	-2.456031	13	0	26	923.368
0.785398	2.108018	1.311430	138	39	128	922.863
-1.047198	0.961715	0.014085	7	102	138	922.849
-0.523599	2.664082	-1.071402	17	28	123	922.833
-2.094395	2.138223	1.678323	122	110	13	922.653
0.000000	2.063651	-2.044600	117	135	124	922.608
-2.094395	0.619654	-2.216909	24	9	14	922.552
0.785398	0.850607	-1.335383	130	105	133	922.333
-0.261799	0.700570	1.559208	20	10	13	922.237
1.570796	1.135813	-2.658866	1	101	2	921.969
2.617994	0.496451	0.593859	2	30	116	921.203
0.000000	1.256302	0.062705	27	130	131	921.181
1.308997	0.850607	-1.335383	130	101	1	921.094
-1.308997	1.809167	1.213774	4	104	138	920.982
-1.308997	2.104282	-0.813972	0	37	128	920.651
2.356194	0.418037	1.360082	139	36	124	919.750
-1.570796	1.135834	-1.431087	2	94	138	919.242
-0.785398	0.733948	3.021411	22	16	16	919.189
-2.094395	1.433411	-1.035986	22	29	125	918.180
1.832596	0.370812	-2.547742	9	103	6	917.478
-3.141593	1.545873	-1.877082	15	4	26	917.271
1.832596	0.733948	3.021411	9	103	11	916.923
2.094395	0.709924	0.218797	6	37	137	916.641
2.356194	2.760637	2.781135	25	12	4	916.528
-2.879793	1.545873	-1.877082	16	18	115	916.278
0.000000	1.510910	-0.740472	23	20	23	916.005
-2.617994	0.615174	-0.666022	5	35	133	915.891
-2.094395	1.909857	-0.381669	121	108	129	915.521
-0.785398	2.455966	-0.641220	138	40	136	915.453
2.617994	2.719179	-1.780644	138	105	126	915.414
0.000000	1.335669	0.897240	21	8	16	915.377
-1.832596	0.619654	-2.216909	24	12	14	915.213
0.000000	1.134497	-1.109631	112	0	15	915.197
1.832596	2.393226	1.857173	133	93	3	914.773
2.879793	1.134796	2.434290	112	128	18	914.712
1.832596	0.591903	2.010408	135	37	128	914.594
-1.832596	1.184361	0.625864	125	105	137	914.412
1.570796	1.168678	2.108595	137	36	125	914.219
1.832596	1.135813	-2.658866	17	105	139	914.120
-1.570796	1.135813	-2.658866	126	34	129	914.043
0.523599	2.407836	1.410646	17	9	24	913.936
2.356194	0.960688	-0.577532	135	30	118	913.820
-2.879793	0.762244	-0.273349	4	26	113	913.736
-1.832596	1.606104	-0.451151	17	31	121	913.088
1.570796	2.089241	-0.114193	134	39	136	912.953
2.879793	0.571433	-1.188419	9	33	125	912.914
-2.094395	0.640596	-2.797608	22	139	15	912.741
-2.617994	0.992645	-1.723759	23	19	9	912.445
2.356194	2.724429	-0.348782	8	98	2	912.340
-1.308997	0.910508	1.903534	9	101	135	912.148
1.308997	1.194549	-0.801900	124	101	132	912.055
-2.617994	2.187132	-0.479875	28	4	124	911.790
-0.523599	1.134796	2.434290	24	17	14	911.562
-2.617994	1.135834	-1.431087	24	21	7	911.457
-2.617994	0.831641	0.616218	119	109	7	911.114
1.047198	2.407836	1.410646	2	36	125	911.094
-1.832596	0.591903	2.010408	13	38	119	911.062
-0.785398	2.478122	2.609777	9	40	124	910.752
1.570796	1.134497	-1.109631	128	99	136	910.336
0.523599	2.592629	0.909713	26	12	137	910.136
-0.261799	0.914445	2.687814	20	18	18	910.104
0.000000	0.929350	-2.910676	112	133	6	909.932
1.570796	1.683268	0.374177	130	31	124	909.090
0.000000	2.588535	-2.976617	12	40	124	908.896
-1.832596	1.310100	1.488307	0	100	128	908.793
2.879793	2.724429	-0.348782	112	124	132	908.512
-2.617994	1.050534	3.042579	22	15	11	908.363
1.832596	2.299159	2.264663	0	93	5	907.789
-0.261799	1.214854	-1.966664	121	5	24	907.696
-0.261799	1.247695	1.809890	15	10	20	907.263
1.047198	1.194549	-0.801900	23	21	122	907.143
1.832596	2.343981	-1.040456	129	98	2	906.914
-0.261799	1.025536	1.576859	18	8	15	906.861
2.617994	0.297065	2.160177	1	105	20	906.786
-3.141593	1.741644	-2.695914	23	7	9	906.455
-1.570796	1.325504	-1.671296	136	94	134	905.801
2.617994	1.696674	-1.253233	24	131	7	905.640
-2.094395	2.404280	-0.174044	29	10	125	905.626
-2.879793	1.756530	-2.105156	19	17	116	905.130
2.879793	1.658653	-2.409879	112	117	118	904.768
-0.785398	1.135813	-2.658866	17	8	24	904.727
-0.523599	1.696674	-1.253233	118	6	21	903.938
1.570796	1.301460	-0.509251	131	100	130	903.891
-0.261799	1.948085	-2.363031	116	12	2	903.788
0.785398	1.741644	-2.695914	121	108	127	903.001
-1.570796	1.440580	2.260026	4	99	139	902.891
1.832596	0.297065	2.160177	112	119	4	902.806
-0.523599	0.419640	2.974122	112	8	9	902.765
1.832596	1.741644	-2.695914	15	105	138	902.739
0.261799	2.187132	-0.479875	13	22	117	902.481
1.047198	2.588535	-2.976617	128	104	10	902.334
-1.832596	0.370812	-2.547742	24	8	11	902.268
-1.832596	1.836682	-0.676006	19	32	125	902.231
0.785398	2.455966	-0.641220	112	121	130	901.997
-1.047198	0.297065	2.160177	137	100	137	901.738
1.308997	2.138223	1.678323	136	37	129	901.641
2.617994	0.615174	-0.666022	6	33	125	901.531
-2.094395	0.618092	2.539118	19	13	17	901.489
-2.094395	1.732874	-0.951685	19	30	126	901.188
0.000000	1.904882	-1.478089	111	131	12	900.696
0.523599	1.599406	1.426070	10	19	22	900.557
-0.261799	0.290380	-0.796960	9	103	131	900.464
-3.141593	0.709924	0.218797	138	26	111	900.391
-1.832596	1.440580	2.260026	0	98	139	900.352
-2.879793	1.809167	1.213774	119	137	122	900.151
1.308997	0.571433	-1.188419	137	101	131	900.047
-3.141593	1.504028	0.636812	112	135	10	899.639
1.308997	1.846342	-1.796954	130	103	5	899.514
0.000000	0.899350	-2.069907	31	12	115	899.450
-1.047198	2.115563	0.685730	4	104	17	899.439
-1.047198	2.455966	-0.641220	137	38	131	899.438
-1.570796	2.407836	1.410646	126	106	138	899.286
-1.570796	1.998705	2.370472	139	99	1	898.969
1.308997	2.343981	-1.040456	128	99	139	898.602
2.879793	2.579248	-2.364801	19	22	15	898.559
0.261799	1.736875	3.023612	116	118	16	898.276
-0.261799	2.343981	-1.040456	8	23	114	898.122
-1.047198	0.733948	3.021411	21	8	19	898.047
0.261799	1.982574	-1.115518	30	27	4	897.338
-1.047198	2.637879	2.121598	5	101	1	897.188
-1.308997	1.310100	1.488307	1	102	134	897.121
2.879793	0.914445	2.687814	111	125	15	897.119
1.832596	2.001437	0.381215	133	36	1	896.969
2.879793	0.297065	2.160177	113	5	128	896.671
-1.832596	1.194549	-0.801900	10	37	129	896.609
-2.356194	1.846342	-1.796954	17	26	127	896.547
-1.308997	1.247695	1.809890	10	101	135	896.461
-1.308997	0.458961	-0.107937	118	3	124	896.015
0.000000	0.914445	2.687814	26	25	0	895.950
-1.308997	2.704512	1.488683	10	104	135	895.889
-1.308997	2.984978	1.954446	6	101	10	895.422
-1.832596	0.914445	2.687814	4	99	8	895.309
1.570796	2.393226	1.857173	138	95	10	895.281
2.356194	0.709924	0.218797	3	36	136	895.281
-3.141593	0.203748	0.590255	115	139	7	895.272
2.094395	1.824694	1.850876	135	93	1	895.141
1.047198	2.073035	2.027405	7	8	27	895.107
-0.261799	1.391910	3.030322	15	10	25	895.069
-2.617994	1.128190	-2.288622	1	28	114	895.051
1.570796	0.297065	2.160177	115	130	15	894.920
-2.879793	0.850607	-1.335383	135	25	113	894.797
2.879793	1.683268	0.374177	19	26	16	894.776
-0.261799	1.134796	2.434290	22	19	15	894.727
-1.832596	1.504028	0.636812	128	104	138	894.330
-2.094395	2.174483	2.653697	123	107	22	894.177
2.879793	1.696674	-1.253233	105	128	17	894.177
-2.094395	2.478122	2.609777	120	109	20	893.536
0.261799	0.619654	-2.216909	116	6	16	893.475
2.356194	2.719179	-1.780644	134	105	127	893.072
-3.141593	1.135813	-2.658866	25	6	2	892.944
1.308997	1.824694	1.850876	2	35	124	892.633
-1.832596	2.587733	0.232235	29	8	126	892.620
-1.832596	1.134497	-1.109631	7	34	125	892.531
2.617994	2.979456	-1.009304	24	132	12	892.473
-3.141593	1.812176	0.656819	113	137	12	892.286
-1.832596	2.295480	1.008277	124	106	7	892.207
-1.832596	1.417623	-0.202254	12	30	117	892.104
0.000000	1.025536	1.576859	19	10	14	891.696
1.308997	1.977582	0.969896	137	29	116	891.671
0.785398	0.379747	-1.713059	111	120	10	891.511
-2.617994	1.374601	-2.456031	15	4	25	891.305
-3.141593	1.662363	0.915448	114	126	16	891.076
-1.308997	1.134796	2.434290	4	41	121	890.914
1.308997	2.180315	-1.357379	130	100	2	890.891
1.570796	1.836682	-0.676006	129	99	137	890.363
0.000000	2.180315	-1.357379	111	122	10	890.081
2.879793	1.433411	-1.035986	106	127	18	890.070
2.879793	1.506530	1.988858	111	125	15	889.857
0.000000	2.455966	-0.641220	112	23	136	889.727
1.570796	2.138223	1.678323	130	94	138	889.672
-2.356194	0.992645	-1.723759	23	22	9	889.666
-1.047198	2.393226	1.857173	9	103	136	889.469
-0.523599	2.404280	-0.174044	138	40	132	888.766
0.523599	2.247462	0.191623	28	15	135	888.680
2.879793	1.977582	0.969896	120	112	120	888.650
0.000000	0.496451	0.593859	1	40	115	888.459
-2.879793	1.599406	1.426070	120	113	119	888.301
1.832596	2.073035	2.027405	1	93	4	888.008
-2.356194	0.203748	0.590255	116	26	124	887.858
-2.617994	0.914445	2.687814	23	13	14	887.676
-1.570796	1.982574	-1.115518	15	35	131	887.648
-1.308997	0.709924	0.218797	137	101	139	887.633
1.308997	2.407836	1.410646	130	37	132	887.598
-1.308997	2.404280	-0.174044	14	34	124	887.460
-1.570796	1.374601	-2.456031	9	4	28	887.277
-1.570796	0.290380	-0.796960	116	111	135	887.250
0.785398	2.979456	-1.009304	114	2	1	886.758
-0.523599	1.606104	-0.451151	23	12	27	886.403
0.261799	0.864993	2.278281	26	25	135	886.361
-2.879793	2.724429	-0.348782	26	131	9	885.909
-2.879793	2.187132	-0.479875	25	1	123	885.620
-3.141593	1.450119	-2.739050	27	7	135	885.599
-1.570796	2.104282	-0.813972	16	35	128	885.539
-3.141593	1.846342	-1.796954	24	10	13	885.158
-2.356194	0.640596	-2.797608	20	137	15	884.990
0.261799	0.379747	-1.713059	110	130	0	884.548
2.617994	0.960688	-0.577532	128	28	120	884.500
0.523599	1.662363	0.915448	125	101	1	884.355
-1.570796	1.413347	-1.339188	3	94	137	884.188
-2.879793	2.343981	-1.040456	108	129	21	883.936
2.617994	2.760637	2.781135	136	92	139	883.539
1.832596	2.637879	2.121598	26	9	7	883.425
0.785398	2.073035	2.027405	20	139	16	883.368
-1.832596	2.579248	-2.364801	20	27	126	883.168
-1.570796	2.396274	-1.959260	15	28	125	883.117
0.000000	0.733948	3.021411	110	135	9	883.115
-2.356194	0.850607	-1.335383	1	34	129	882.984
-0.523599	2.984978	1.954446	133	102	127	882.624
2.356194	2.396274	-1.959260	22	118	18	882.449
-0.523599	1.135813	-2.658866	138	101	129	882.289
-1.570796	2.760637	2.781135	114	136	8	882.218
-0.261799	1.982574	-1.115518	114	25	137	882.002
0.785398	0.080730	-2.622036	115	28	127	881.912
0.261799	0.899350	-2.069907	115	4	18	881.553
1.308997	0.080730	-2.622036	137	100	11	881.163
1.308997	0.685216	-1.712745	135	103	1	881.152
1.047198	2.247462	0.191623	7	35	131	881.145
-2.879793	0.571433	-1.188419	5	32	124	881.102
1.308997	2.588535	-2.976617	21	13	20	880.716
0.785398	1.658653	-2.409879	125	110	123	880.583
-1.832596	2.104282	-0.813972	19	32	129	880.335
0.000000	1.135834	-1.431087	113	1	18	880.319
-0.785398	2.251330	-2.330739	117	128	23	880.294
1.832596	1.904882	-1.478089	135	99	8	880.172
-1.832596	0.640596	-2.797608	22	5	15	879.933
-1.832596	0.203748	0.590255	134	102	13	879.580
1.308997	1.872854	1.543456	13	1	25	879.527
-0.523599	0.866955	-0.931351	113	10	1	879.426
-1.308997	2.089241	-0.114193	12	34	122	879.387
2.094395	2.979456	-1.009304	139	100	7	879.172
1.308997	0.992645	-1.723759	131	103	139	879.002
-1.308997	0.733948	3.021411	23	7	16	878.880
2.094395	0.762244	-0.273349	9	32	125	878.773
-2.879793	1.696674	-1.253233	109	111	15	878.695
2.356194	2.299159	2.264663	21	14	17	878.676
1.047198	2.404280	-0.174044	7	34	125	878.656
-1.308997	2.407836	1.410646	10	104	133	878.336
0.261799	2.456751	-1.503343	112	122	14	878.297
-0.261799	0.906588	1.252948	17	13	21	878.286
-1.570796	1.699788	2.452890	4	99	3	878.047
-2.356194	2.704512	1.488683	138	98	8	878.047
-2.617994	2.724429	-0.348782	131	106	128	877.938
2.356194	0.419640	2.974122	110	130	12	877.919
1.570796	2.396274	-1.959260	11	5	28	877.728
-2.356194	0.571433	-1.188419	130	35	136	877.672
-1.047198	2.456751	-1.503343	15	28	122	877.658
-2.356194	1.135813	-2.658866	18	4	22	877.602
1.308997	1.683268	0.374177	14	29	126	877.383
1.570796	0.619654	-2.216909	9	103	133	877.235
-2.617994	1.977582	0.969896	119	116	19	876.968
-3.141593	0.850607	-1.335383	139	26	112	876.934
-1.308997	2.396274	-1.959260	12	30	122	876.883
-1.047198	1.242974	-2.977882	10	3	29	876.859
-1.570796	1.836682	-0.676006	4	34	123	876.592
0.000000	2.587733	0.232235	4	37	128	876.129
1.308997	0.419640	2.974122	115	4	13	876.076
1.308997	0.290380	-0.796960	134	99	132	875.805
-2.356194	0.370812	-2.547742	24	110	6	875.802
2.879793	2.664082	-1.071402	130	108	126	875.203
1.047198	0.685216	-1.712745	130	105	138	875.018
1.047198	2.393226	1.857173	12	7	26	874.677
-1.832596	0.866395	-2.492918	19	118	21	874.641
2.094395	1.599406	1.426070	135	93	6	874.406
-0.785398	2.637879	2.121598	7	103	0	874.184
1.570796	2.579248	-2.364801	132	102	6	873.703
1.308997	0.297065	2.160177	114	134	15	873.404
1.832596	1.433411	-1.035986	134	98	3	873.297
0.523599	2.379497	0.561089	28	13	137	872.917
0.000000	1.554776	0.100351	27	9	128	872.904
-0.523599	1.904882	-1.478089	118	4	24	872.433
0.000000	2.456751	-1.503343	112	118	11	871.811
-1.308997	0.640596	-2.797608	23	14	16	871.708
0.785398	1.606104	-0.451151	116	122	120	871.670
0.261799	1.440580	2.260026	19	21	16	871.198
-2.617994	0.850607	-1.335383	30	15	138	870.959
-0.523599	2.295480	1.008277	111	1	26	870.940
0.523599	2.456751	-1.503343	119	117	128	870.900
-3.141593	2.115563	0.685730	114	139	14	870.751
-3.141593	1.658653	-2.409879	114	114	117	870.649
0.261799	2.760637	2.781135	12	106	2	870.465
2.094395	1.135834	-1.431087	129	97	136	870.062
1.047198	0.379747	-1.713059	112	115	10	869.811
1.047198	2.187132	-0.479875	113	119	127	869.805
2.879793	2.396274	-1.959260	23	14	15	869.804
-0.523599	0.080730	-2.622036	112	137	9	869.764
-1.308997	1.998705	2.370472	14	36	116	869.720
-0.261799	1.433411	-1.035986	115	2	18	869.710
-2.879793	1.134796	2.434290	115	137	131	869.562
-1.308997	1.699788	2.452890	8	39	119	869.529
-1.308997	1.195355	1.200319	0	103	130	868.949
-3.141593	1.391910	3.030322	26	136	12	868.896
-1.047198	2.579248	-2.364801	115	130	21	868.864
2.094395	1.554776	0.100351	126	34	137	868.422
2.094395	2.456751	-1.503343	6	108	128	868.206
-2.094395	2.588535	-2.976617	118	2	21	867.986
1.832596	1.113094	-0.272241	137	36	124	867.773
-2.879793	1.699788	2.452890	31	2	118	867.663
-3.141593	0.591903	2.010408	110	131	6	867.575
2.094395	2.664082	-1.071402	136	99	4	867.344
-1.308997	0.418037	1.360082	2	101	131	866.984
1.047198	2.881233	-2.582574	138	103	135	866.930
1.308997	2.251330	-2.330739	126	105	134	866.863
0.523599	1.998705	2.370472	22	28	6	866.731
-3.141593	2.295480	1.008277	25	10	25	866.640
-1.047198	2.724429	-0.348782	0	38	132	866.562
0.523599	2.108018	1.311430	3	39	128	866.500
1.570796	1.982574	-1.115518	130	98	4	866.453
-3.141593	1.506530	1.988858	112	121	15	866.452
-2.879793	0.615174	-0.666022	133	38	138	866.250
-1.047198	0.709924	0.218797	13	105	138	866.197
0.261799	1.658653	-2.409879	115	117	137	866.084
0.785398	2.379497	0.561089	137	29	117	865.920
-3.141593	2.343981	-1.040456	27	3	130	865.684
1.832596	2.587733	0.232235	20	7	30	865.666
-0.785398	2.760637	2.781135	111	131	6	865.521
-1.832596	1.128190	-2.288622	128	35	127	865.367
-0.261799	0.379747	-1.713059	116	10	128	865.317
2.094395	2.881233	-2.582574	3	103	129	865.223
1.570796	1.113094	-0.272241	17	1	117	865.051
2.617994	0.992645	-1.723759	27	19	125	865.025
-1.832596	1.977582	0.969896	124	107	137	864.986
-0.523599	2.587733	0.232235	0	37	129	864.777
-0.523599	2.164094	-2.991358	117	5	17	864.775
2.094395	1.872854	1.543456	137	93	8	864.678
-2.617994	1.617114	-1.572037	11	16	113	864.655
2.879793	0.080730	-2.622036	27	6	0	864.562
-2.094395	0.866955	-0.931351	5	35	129	864.480
-0.785398	2.115563	0.685730	114	135	29	864.391
-1.308997	2.592629	0.909713	135	102	7	864.334
2.094395	1.195355	1.200319	138	12	32	864.043
-0.523599	2.760637	2.781135	113	121	9	863.847
0.523599	2.455966	-0.641220	10	27	117	863.762
1.047198	1.809167	1.213774	14	0	25	863.624
-1.832596	0.571433	-1.188419	2	94	137	863.516
0.523599	2.187132	-0.479875	23	6	26	863.388
1.570796	0.290380	-0.796960	138	99	132	863.344
-2.356194	0.685216	-1.712745	24	23	6	863.341
0.785398	1.904882	-1.478089	25	3	13	863.129
-1.047198	2.478122	2.609777	1	100	3	862.961
1.047198	2.379497	0.561089	12	29	126	862.844
-2.879793	0.864993	2.278281	113	110	139	862.470
1.308997	1.545873	-1.877082	0	37	115	862.426
1.047198	0.960688	-0.577532	21	19	119	862.422
-1.570796	2.637879	2.121598	137	99	3	862.379
-0.523599	0.914445	2.687814	21	14	18	862.068
1.570796	0.640596	-2.797608	12	101	13	861.943
0.261799	1.134796	2.434290	112	125	116	861.920
-3.141593	2.063651	-2.044600	21	22	9	861.627
-1.570796	0.831641	0.616218	1	101	137	861.391
2.094395	0.850607	-1.335383	131	97	132	861.109
-1.308997	1.875281	0.107086	12	31	118	861.027
1.570796	1.909857	-0.381669	128	100	133	860.836
-2.094395	1.977582	0.969896	122	109	136	860.461
0.785398	1.809167	1.213774	17	24	11	860.324
1.570796	1.025536	1.576859	2	33	117	859.742
2.356194	0.496451	0.593859	2	29	116	859.742
1.570796	1.696674	-1.253233	138	99	4	859.578
1.047198	1.909857	-0.381669	114	119	123	859.500
1.047198	1.545873	-1.877082	137	43	125	859.375
1.832596	1.128190	-2.288622	6	35	114	859.326
-0.261799	1.301460	-0.509251	23	21	24	859.294
2.879793	0.615174	-0.666022	1	27	116	859.230
-0.785398	2.592629	0.909713	28	11	126	859.197
-0.261799	2.455966	-0.641220	114	26	136	858.676
-0.261799	2.724429	-0.348782	134	33	126	858.500
-3.141593	1.824694	1.850876	113	135	11	858.135
-1.832596	1.982574	-1.115518	2	93	3	858.102
-0.261799	2.349581	-2.702517	111	132	1	857.906
-1.047198	1.696674	-1.253233	123	10	21	857.854
-2.617994	2.299159	2.264663	115	110	14	857.837
1.308997	2.404280	-0.174044	114	115	127	857.797
-2.356194	0.960688	-0.577532	14	30	120	857.414
-1.832596	2.299159	2.264663	125	1	27	857.171
-0.261799	1.741644	-2.695914	115	131	14	856.928
-2.617994	0.379747	-1.713059	134	38	139	856.895
1.570796	0.080730	-2.622036	0	101	12	856.891
2.094395	2.704512	1.488683	130	31	127	856.777
-0.523599	0.203748	0.590255	134	102	5	856.561
-2.617994	0.458961	-0.107937	135	93	130	856.535
-2.094395	2.115563	0.685730	123	108	133	856.493
1.570796	0.960688	-0.577532	133	100	130	856.305
1.832596	1.367556	0.358405	10	37	132	856.121
-1.832596	0.850607	-1.335383	139	94	138	855.898
1.047198	1.736875	3.023612	126	101	137	855.836
1.832596	0.961715	0.014085	139	32	122	855.715
-2.879793	2.407836	1.410646	124	3	30	855.675
-2.879793	1.247695	1.809890	111	124	4	855.301
0.523599	2.115563	0.685730	2	35	121	855.134
1.570796	2.299159	2.264663	17	104	136	855.046
0.261799	0.866395	-2.492918	119	8	19	854.988
0.785398	2.579248	-2.364801	134	40	122	854.949
-1.047198	0.591903	2.010408	15	24	17	854.808
1.047198	0.700570	1.559208	133	3	34	854.758
-0.523599	2.579248	-2.364801	114	120	11	854.742
0.785398	2.164094	-2.991358	120	107	135	854.696
-0.261799	2.063651	-2.044600	114	124	8	854.533
1.570796	1.504028	0.636812	12	32	130	854.267
1.832596	0.850607	-1.335383	133	98	0	854.242
1.832596	2.247462	0.191623	137	38	2	854.078
-3.141593	2.153910	-1.714959	25	13	11	853.995
2.879793	0.290380	-0.796960	0	37	138	853.969
0.261799	1.184361	0.625864	112	11	21	853.828
-2.879793	1.506530	1.988858	112	112	139	853.112
-1.832596	2.719179	-1.780644	7	94	1	852.988
1.570796	2.637879	2.121598	24	10	8	852.979
-2.094395	0.709924	0.218797	115	121	134	852.904
-2.879793	0.899350	-2.069907	21	7	16	852.870
-1.308997	1.824694	1.850876	3	101	136	852.863
1.570796	2.588535	-2.976617	19	15	20	852.831
-2.879793	2.881233	-2.582574	139	93	6	852.711
-3.141593	0.619654	-2.216909	23	5	6	852.611
-2.094395	2.724429	-0.348782	29	12	129	852.593
0.523599	1.506530	1.988858	10	12	24	852.565
1.047198	1.875281	0.107086	129	9	109	852.503
1.308997	0.379747	-1.713059	1	103	6	852.394
-2.879793	0.619654	-2.216909	22	107	8	852.323
-1.308997	0.571433	-1.188419	119	6	121	852.320
-1.308997	1.756530	-2.105156	134	8	31	852.288
0.261799	0.929350	-2.910676	112	131	10	852.197
-0.523599	1.301460	-0.509251	26	15	23	852.131
1.570796	1.948085	-2.363031	11	103	136	852.060
0.000000	1.134796	2.434290	111	127	117	851.879
1.047198	2.704512	1.488683	2	37	129	851.836
-1.308997	2.343981	-1.040456	137	37	133	851.570
-0.785398	2.396274	-1.959260	119	7	22	851.491
1.832596	2.592629	0.909713	129	29	125	851.141
1.570796	1.413347	-1.339188	136	99	4	851.102
-1.308997	1.301460	-0.509251	4	36	122	850.988
2.879793	0.709924	0.218797	0	27	114	850.957
-1.570796	2.063651	-2.044600	15	27	119	850.947
-1.832596	2.108018	1.311430	10	100	0	850.848
-1.832596	1.909857	-0.381669	20	29	121	850.834
-1.570796	2.089241	-0.114193	15	32	122	850.834
1.570796	1.374601	-2.456031	126	101	128	850.766
1.832596	2.251330	-2.330739	4	104	134	850.726
2.094395	0.458961	-0.107937	9	36	136	850.191
0.523599	0.929350	-2.910676	117	115	11	850.186
2.094395	2.719179	-1.780644	24	117	16	850.074
2.356194	1.504028	0.636812	16	137	27	849.970
1.570796	2.664082	-1.071402	4	99	7	849.848
-1.308997	2.153910	-1.714959	7	28	119	849.820
0.000000	2.579248	-2.364801	115	115	136	849.762
1.570796	0.992645	-1.723759	135	37	115	849.730
1.832596	1.301460	-0.509251	110	3	24	849.422
-0.523599	1.998705	2.370472	112	130	18	849.337
1.832596	0.080730	-2.622036	139	103	11	849.317
0.000000	2.379497	0.561089	1	39	130	849.266
-1.832596	0.762244	-0.273349	112	122	132	849.240
-1.832596	2.343981	-1.040456	17	34	133	849.236
2.617994	0.379747	-1.713059	2	98	137	849.129
-1.570796	2.180315	-1.357379	4	94	8	849.078
0.000000	1.440580	2.260026	21	22	15	849.069
-1.047198	2.343981	-1.040456	135	30	121	848.793
-2.617994	2.396274	-1.959260	134	92	138	848.277
-2.094395	1.242974	-2.977882	18	138	23	848.271
2.356194	2.115563	0.685730	18	2	30	848.162
-3.141593	0.290380	-0.796960	136	36	138	848.047
-0.523599	2.478122	2.609777	3	41	125	848.047
0.523599	1.488617	1.159546	125	101	2	847.887
-1.570796	0.418037	1.360082	0	106	17	847.848
-0.261799	0.619654	-2.216909	113	131	139	847.620
-0.523599	1.846342	-1.796954	120	3	27	847.315
-1.047198	1.977582	0.969896	4	107	19	847.121
2.879793	1.824694	1.850876	111	126	16	847.093
-1.308997	1.014500	0.906702	7	104	135	846.786
-1.047198	2.379497	0.561089	113	135	28	846.764
-2.356194	2.407836	1.410646	1	97	4	846.641
-2.617994	1.948085	-2.363031	21	20	119	846.637
1.047198	1.504028	0.636812	18	26	127	846.602
1.570796	0.685216	-1.712745	130	102	5	846.424
2.879793	0.458961	-0.107937	135	36	139	846.172
1.832596	1.014500	0.906702	7	25	110	846.131
-1.308997	1.256302	0.062705	4	99	1	845.992
-1.308997	0.379747	-1.713059	7	95	132	845.988
0.000000	2.115563	0.685730	25	133	5	845.696
-1.047198	0.831641	0.616218	6	106	132	845.666
-1.570796	2.984978	1.954446	2	100	11	845.547
2.356194	0.458961	-0.107937	5	36	137	845.320
-0.261799	1.606104	-0.451151	21	17	27	845.287
2.356194	0.733948	3.021411	111	130	17	845.172
2.356194	2.478122	2.609777	139	93	6	845.156
0.000000	2.396274	-1.959260	115	120	19	845.113
2.617994	2.881233	-2.582574	24	15	128	845.069
-0.523599	1.433411	-1.035986	117	5	18	845.005
-0.523599	2.033014	2.977192	112	135	13	844.293
-0.261799	1.413347	-1.339188	116	2	22	844.256
2.094395	0.961715	0.014085	106	110	7	843.936
0.261799	2.396274	-1.959260	117	116	132	843.844
-1.047198	1.045978	0.343692	9	104	138	843.777
2.617994	0.914445	2.687814	110	130	15	842.922
-1.832596	1.168678	2.108595	20	36	119	842.887
2.356194	0.685216	-1.712745	29	15	130	842.626
-1.832596	0.496451	0.593859	120	0	119	842.492
-3.141593	0.496451	0.593859	111	119	5	842.386
0.785398	2.724429	-0.348782	1	34	128	842.328
2.094395	2.588535	-2.976617	12	105	131	842.180
-1.832596	2.881233	-2.582574	23	27	127	842.081
0.000000	1.413430	2.550734	122	106	127	842.065
0.000000	1.809167	1.213774	20	123	18	841.999
-2.356194	0.762244	-0.273349	9	30	117	841.986
0.261799	1.310100	1.488307	24	135	131	841.920
1.308997	1.367556	0.358405	13	30	126	841.797
-0.523599	0.379747	-1.713059	117	12	127	841.763
0.523599	0.850607	-1.335383	126	107	134	841.755
-2.094395	2.033014	2.977192	122	138	23	841.738
-2.094395	2.637879	2.121598	112	2	8	841.451
-3.141593	2.104282	-0.813972	111	3	23	841.394
-1.832596	1.134796	2.434290	7	98	3	841.000
-0.261799	2.579248	-2.364801	130	26	114	840.689
-2.094395	1.134497	-1.109631	6	31	123	840.484
-0.523599	0.733948	3.021411	21	20	17	840.363
2.879793	1.948085	-2.363031	15	8	25	840.351
-2.356194	1.374601	-2.456031	18	6	25	840.119
-1.047198	0.203748	0.590255	12	104	5	840.052
0.523599	2.760637	2.781135	120	105	4	839.877
2.617994	2.579248	-2.364801	20	19	15	839.776
2.879793	0.960688	-0.577532	139	23	115	839.643
1.832596	2.881233	-2.582574	139	102	129	839.624
-1.570796	2.299159	2.264663	125	10	25	839.568
1.832596	1.184361	0.625864	7	21	109	839.492
0.261799	1.367556	0.358405	116	12	26	839.422
-1.570796	0.370812	-2.547742	28	120	6	839.409
0.261799	1.135813	-2.658866	114	120	5	839.335
2.879793	0.370812	-2.547742	25	1	139	839.250
1.308997	2.579248	-2.364801	124	105	135	839.225
0.785398	2.404280	-0.174044	10	28	120	839.184
2.094395	0.297065	2.160177	115	116	9	839.063
0.785398	1.025536	1.576859	23	27	127	838.987
-1.570796	2.863997	0.549740	132	101	139	838.848
-3.141593	0.458961	-0.107937	10	28	114	838.809
-2.617994	2.407836	1.410646	117	136	19	838.735
-0.261799	2.108018	1.311430	110	136	26	838.732
1.570796	2.356369	3.005869	15	20	21	838.451
0.523599	0.290380	-0.796960	122	103	137	838.440
-1.308997	2.863997	0.549740	29	10	129	838.356
-1.570796	1.014500	0.906702	130	103	14	838.104
-2.879793	0.992645	-1.723759	28	5	1	838.011
-0.261799	1.555207	1.708892	28	14	120	837.628
0.261799	2.379497	0.561089	27	10	138	837.498
1.308997	2.393226	1.857173	132	39	136	837.484
2.879793	2.174483	2.653697	20	22	13	837.467
-2.094395	0.733948	3.021411	23	21	7	837.366
1.570796	1.545873	-1.877082	4	105	132	837.263
-0.523599	2.356369	3.005869	138	43	125	837.125
0.261799	1.662363	0.915448	19	139	23	836.969
-1.308997	1.683268	0.374177	5	101	139	836.930
-1.570796	0.591903	2.010408	2	99	139	836.469
0.523599	2.299159	2.264663	23	27	7	835.906
-2.617994	0.619654	-2.216909	25	110	8	835.812
-0.261799	0.571433	-1.188419	111	130	138	835.795
-1.570796	1.846342	-1.796954	17	25	117	835.699
1.047198	0.290380	-0.796960	131	100	133	835.602
-2.094395	1.506530	1.988858	139	8	30	835.406
2.094395	1.256302	0.062705	127	30	124	835.398
1.832596	0.379747	-1.713059	138	40	120	835.307
-1.047198	2.592629	0.909713	113	5	26	835.039
0.000000	1.696674	-1.253233	110	132	8	834.812
-3.141593	2.719179	-1.780644	24	19	12	834.711
1.832596	2.579248	-2.364801	138	103	130	834.652
-0.785398	1.128190	-2.288622	138	99	133	834.555
0.261799	0.992645	-1.723759	129	109	123	834.418
2.617994	1.134796	2.434290	111	132	17	834.274
-0.261799	0.992645	-1.723759	119	8	21	834.234
-1.308997	0.929350	-2.910676	110	118	134	834.096
-1.832596	0.864993	2.278281	14	36	116	833.775
-1.832596	0.910508	1.903534	2	99	135	833.445
-0.785398	0.080730	-2.622036	0	95	136	833.207
0.261799	1.617114	-1.572037	113	118	10	833.197
-1.308997	1.846342	-1.796954	19	29	118	833.145
1.047198	2.033014	2.977192	125	101	138	833.129
2.356194	1.391910	3.030322	121	4	27	833.123
-1.308997	2.247462	0.191623	16	31	121	832.910
-0.785398	0.674054	1.013609	6	104	128	832.863
-3.141593	2.407836	1.410646	114	136	139	832.672
1.308997	2.299159	2.264663	15	137	20	832.637
1.832596	1.658653	-2.409879	14	106	136	832.556
1.308997	0.709924	0.218797	14	33	137	831.963
1.832596	2.404280	-0.174044	117	118	125	831.730
-2.094395	1.617114	-1.572037	12	28	125	831.547
-3.141593	0.419640	2.974122	16	35	116	831.373
-3.141593	1.982574	-1.115518	29	3	130	831.246
1.570796	0.418037	1.360082	121	96	132	831.195
-1.832596	0.419640	2.974122	21	25	3	831.163
1.570796	0.899350	-2.069907	11	104	4	831.017
2.879793	1.809167	1.213774	117	115	120	831.005
1.570796	0.700570	1.559208	136	95	137	830.961
-2.617994	1.809167	1.213774	118	121	19	830.747
-1.570796	2.587733	0.232235	29	12	126	830.664
-3.141593	1.025536	1.576859	111	133	2	830.659
-1.047198	1.050534	3.042579	22	12	20	830.651
2.094395	0.379747	-1.713059	133	99	137	830.605
0.523599	2.073035	2.027405	22	29	3	830.439
-2.879793	1.741644	-2.695914	24	18	0	830.196
-2.617994	0.864993	2.278281	4	35	118	830.051
-3.141593	2.033014	2.977192	25	17	7	830.037
-2.094395	2.108018	1.311430	1	98	134	830.035
0.000000	1.982574	-1.115518	29	12	18	830.034
-2.879793	1.168678	2.108595	112	111	139	829.801
1.047198	1.325504	-1.671296	138	41	120	829.566
0.000000	1.741644	-2.695914	111	128	137	829.515
2.879793	1.909857	-0.381669	120	138	118	829.457
1.570796	1.450119	-2.739050	131	7	30	829.427
-1.308997	2.478122	2.609777	121	1	25	828.870
1.570796	0.674054	1.013609	11	27	111	828.854
1.047198	1.367556	0.358405	18	25	125	828.630
-0.785398	1.696674	-1.253233	121	8	21	828.523
0.000000	2.863997	0.549740	23	128	135	828.511
0.785398	1.417623	-0.202254	26	25	132	828.426
2.094395	2.343981	-1.040456	14	102	0	828.381
1.570796	0.370812	-2.547742	11	102	14	828.367
0.523599	2.063651	-2.044600	3	42	122	828.301
2.617994	2.724429	-0.348782	114	129	129	828.079
0.000000	0.419640	2.974122	113	1	11	827.939
1.570796	2.881233	-2.582574	123	101	0	827.609
1.832596	0.418037	1.360082	127	94	133	827.594
2.356194	0.379747	-1.713059	138	98	137	827.516
1.308997	1.875281	0.107086	7	36	131	827.402
-1.308997	0.960688	-0.577532	9	34	116	827.376
0.261799	0.640596	-2.797608	113	126	9	827.360
-2.879793	1.050534	3.042579	24	13	10	827.144
-0.523599	2.592629	0.909713	27	15	126	827.099
2.879793	2.588535	-2.976617	26	10	1	827.091
-0.261799	2.760637	2.781135	6	103	5	827.083
-1.570796	1.732874	-0.951685	14	35	128	827.000
2.617994	0.591903	2.010408	112	138	8	826.793
-1.047198	2.174483	2.653697	1	41	123	826.785
1.570796	1.367556	0.358405	10	32	127	826.690
0.523599	0.571433	-1.188419	109	121	139	826.675
2.617994	2.115563	0.685730	121	110	121	826.459
2.879793	0.418037	1.360082	116	114	8	826.292
-0.261799	2.478122	2.609777	8	105	6	826.267
0.523599	0.615174	-0.666022	123	105	130	826.228
0.000000	0.992645	-1.723759	115	3	20	826.208
-1.832596	2.760637	2.781135	114	123	17	826.155
0.523599	1.606104	-0.451151	117	123	120	825.703
-1.570796	1.448123	-2.163292	9	7	28	825.564
0.785398	1.448123	-2.163292	127	110	123	825.466
1.308997	0.762244	-0.273349	20	139	121	825.385
-0.785398	2.295480	1.008277	137	106	21	825.293
1.308997	2.719179	-1.780644	0	102	18	825.160
1.308997	1.506530	1.988858	135	38	127	825.086
2.879793	1.599406	1.426070	122	6	23	824.950
2.617994	1.736875	3.023612	21	120	15	824.843
0.785398	2.299159	2.264663	19	4	18	824.816
-2.879793	2.579248	-2.364801	0	92	3	824.562
-0.785398	0.297065	2.160177	25	134	1	824.424
-0.261799	1.696674	-1.253233	115	2	21	824.374
-0.785398	1.301460	-0.509251	33	1	11	824.267
-1.308997	1.982574	-1.115518	11	37	131	824.223
1.308997	1.310100	1.488307	2	33	118	824.171
0.523599	1.721184	-0.153948	26	22	128	824.149
-2.617994	2.455966	-0.641220	29	5	128	824.091
1.308997	2.349581	-2.702517	126	103	5	824.041
1.570796	1.846342	-1.796954	132	101	5	824.023
0.261799	1.555207	1.708892	13	10	22	824.017
0.261799	0.418037	1.360082	25	6	2	823.951
-1.570796	1.195355	1.200319	137	104	121	823.752
-1.570796	1.413430	2.550734	5	100	2	823.625
-0.523599	2.251330	-2.330739	113	126	8	823.467
-1.308997	1.433411	-1.035986	124	138	27	823.398
-1.832596	0.674054	1.013609	133	105	16	823.332
-1.047198	1.450119	-2.739050	7	5	31	823.318
-2.356194	2.760637	2.781135	114	138	18	823.295
2.356194	2.592629	0.909713	113	139	137	823.224
0.261799	2.881233	-2.582574	0	100	7	823.172
1.832596	2.984978	1.954446	129	94	3	823.020
2.356194	1.014500	0.906702	136	27	114	822.926
0.261799	2.089241	-0.114193	29	9	133	822.716
-3.141593	1.766067	2.153843	114	137	15	822.689
0.785398	2.138223	1.678323	12	10	24	822.580
-0.523599	2.455966	-0.641220	2	36	130	822.258
1.047198	0.850607	-1.335383	118	105	133	822.170
-1.832596	2.984978	1.954446	138	100	13	822.148
-2.094395	1.325504	-1.671296	124	36	123	822.104
1.832596	1.413347	-1.339188	134	98	7	822.086
1.047198	2.478122	2.609777	19	20	16	822.050
2.356194	2.456751	-1.503343	8	109	127	821.995
1.570796	0.379747	-1.713059	122	102	129	821.938
0.785398	0.866955	-0.931351	123	105	132	821.756
-3.141593	2.592629	0.909713	113	138	5	821.670
-1.047198	1.699788	2.452890	8	40	120	821.594
2.094395	2.001437	0.381215	133	36	5	821.516
2.094395	0.618092	2.539118	111	0	11	821.255
-2.617994	0.618092	2.539118	21	6	16	821.115
0.261799	1.504028	0.636812	113	8	25	821.115
-2.617994	0.640596	-2.797608	23	19	2	820.875
-0.523599	1.756530	-2.105156	120	136	27	820.874
1.570796	0.618092	2.539118	115	7	11	820.848
0.523599	2.478122	2.609777	117	105	0	820.811
1.832596	2.349581	-2.702517	9	2	30	820.741
0.523599	0.685216	-1.712745	112	123	12	820.725
1.047198	2.180315	-1.357379	121	103	1	820.656
1.308997	1.662363	0.915448	16	27	130	820.615
-1.832596	2.041297	-2.664597	13	31	121	820.609
0.000000	0.685216	-1.712745	113	135	14	820.435
1.308997	1.606104	-0.451151	17	30	124	820.377
1.308997	2.033014	2.977192	10	11	26	820.369
1.832596	1.247695	1.809890	132	93	136	819.922
-1.570796	0.674054	1.013609	134	104	14	819.851
-0.261799	1.869911	2.701025	113	127	18	819.781
-0.785398	2.187132	-0.479875	8	37	127	819.768
-0.523599	2.063651	-2.044600	117	133	25	819.630
-1.832596	2.588535	-2.976617	117	139	20	819.607
-2.617994	1.448123	-2.163292	1	23	110	819.429
2.879793	2.881233	-2.582574	24	18	128	819.328
-0.261799	2.404280	-0.174044	2	37	126	819.051
-0.785398	2.984978	1.954446	137	103	135	819.018
-1.832596	1.812176	0.656819	126	104	138	818.560
0.261799	0.685216	-1.712745	110	133	2	818.552
0.785398	2.719179	-1.780644	118	3	124	818.527
-2.356194	1.977582	0.969896	120	108	7	818.459
-1.832596	2.251330	-2.330739	17	27	123	818.355
1.047198	1.732874	-0.951685	118	104	136	818.319
1.570796	2.404280	-0.174044	123	102	132	818.278
-2.094395	2.356369	3.005869	120	123	29	818.253
-2.879793	1.045978	0.343692	114	136	132	817.859
0.000000	0.910508	1.903534	17	13	16	817.784
-2.617994	2.984978	1.954446	124	101	2	817.773
0.000000	1.617114	-1.572037	111	133	11	817.730
-2.617994	0.762244	-0.273349	111	129	135	817.698
1.832596	1.824694	1.850876	129	93	0	817.680
-1.047198	2.760637	2.781135	134	99	5	817.621
1.308997	1.554776	0.100351	14	29	124	817.605
2.879793	0.992645	-1.723759	20	126	125	817.495
1.570796	0.929350	-2.910676	9	101	5	817.430
1.308997	0.458961	-0.107937	110	6	17	817.406
1.047198	0.458961	-0.107937	8	102	127	817.359
-1.832596	2.349581	-2.702517	13	33	126	817.297
1.308997	0.906588	1.252948	8	30	113	817.284
-3.141593	2.704512	1.488683	113	4	135	817.010
-0.261799	1.014500	0.906702	118	127	27	817.002
-1.308997	1.904882	-1.478089	125	10	24	816.988
1.047198	0.571433	-1.188419	133	103	5	816.949
-3.141593	1.247695	1.809890	112	12	127	816.879
1.308997	0.866955	-0.931351	20	16	116	816.808
-0.785398	0.379747	-1.713059	114	120	132	816.793
1.832596	0.674054	1.013609	1	32	119	816.746
0.785398	0.571433	-1.188419	110	116	0	816.691
1.570796	2.251330	-2.330739	131	103	136	816.513
0.000000	2.704512	1.488683	3	34	128	816.309
0.261799	2.587733	0.232235	27	13	131	815.983
0.261799	1.134497	-1.109631	25	33	9	815.740
-2.356194	1.413347	-1.339188	13	26	124	815.688
-0.523599	2.153910	-1.714959	118	0	27	815.559
-1.570796	2.579248	-2.364801	16	29	122	815.520
2.879793	2.033014	2.977192	28	9	1	815.282
1.308997	2.247462	0.191623	134	41	5	815.188
-2.356194	1.134497	-1.109631	9	29	123	815.109
2.879793	2.587733	0.232235	113	3	135	814.934
1.047198	1.391910	3.030322	5	9	26	814.811
0.261799	1.836682	-0.676006	22	19	25	814.770
2.879793	2.115563	0.685730	20	7	29	814.721
1.570796	0.419640	2.974122	113	139	13	814.704
1.047198	1.135834	-1.431087	134	45	129	814.688
-1.047198	1.247695	1.809890	15	104	131	814.683
-3.141593	2.180315	-1.357379	106	128	16	814.669
-0.523599	1.948085	-2.363031	115	134	10	814.669
1.832596	1.214854	-1.966664	20	31	128	814.626
-3.141593	1.168678	2.108595	110	115	139	814.610
0.000000	1.545873	-1.877082	114	0	20	814.309
2.094395	1.335669	0.897240	1	28	117	814.252
-2.617994	1.545873	-1.877082	27	10	9	814.233
0.523599	1.872854	1.543456	11	16	25	814.212
1.832596	1.606104	-0.451151	131	99	131	814.199
0.785398	1.214854	-1.966664	119	110	134	814.031
-2.356194	2.299159	2.264663	118	108	15	813.975
-2.094395	2.251330	-2.330739	21	22	119	813.724
-2.094395	0.831641	0.616218	117	130	121	813.683
-2.356194	2.349581	-2.702517	22	23	122	813.528
2.879793	1.214854	-1.966664	22	9	117	813.447
1.047198	1.846342	-1.796954	136	44	129	813.367
-2.879793	0.203748	0.590255	113	122	3	813.016
-3.141593	0.615174	-0.666022	114	138	20	813.012
-1.308997	0.591903	2.010408	6	39	117	812.926
-2.617994	1.325504	-1.671296	22	21	11	812.701
2.356194	2.455966	-0.641220	10	7	34	812.686
-2.617994	1.113094	-0.272241	111	129	130	812.632
-3.141593	2.174483	2.653697	18	25	13	812.555
2.879793	1.301460	-0.509251	21	10	14	812.538
0.523599	1.555207	1.708892	6	18	24	812.519
0.000000	1.869911	2.701025	15	8	26	812.387
0.000000	0.864993	2.278281	28	21	136	812.334
2.879793	2.455966	-0.641220	113	8	26	812.219
2.617994	2.041297	-2.664597	12	11	25	812.202
1.832596	2.153910	-1.714959	11	104	0	812.041
-1.832596	2.637879	2.121598	139	99	11	811.969
0.000000	2.664082	-1.071402	0	32	123	811.965
0.523599	1.699788	2.452890	15	23	20	811.949
-2.879793	1.113094	-0.272241	111	127	132	811.927
0.785398	1.699788	2.452890	14	35	9	811.865
2.094395	0.419640	2.974122	111	134	12	811.838
0.000000	0.080730	-2.622036	111	125	139	811.786
-1.832596	1.135834	-1.431087	0	93	139	811.672
2.617994	2.456751	-1.503343	25	116	15	811.616
-0.261799	2.587733	0.232235	1	40	134	811.609
2.094395	1.025536	1.576859	138	93	3	811.602
-0.785398	0.929350	-2.910676	21	6	21	811.565
-2.356194	0.700570	1.559208	114	6	133	811.544
2.617994	1.025536	1.576859	117	1	15	811.475
-3.141593	0.080730	-2.622036	24	125	3	811.059
-3.141593	1.325504	-1.671296	0	21	109	810.955
-1.570796	0.496451	0.593859	138	101	134	810.891
0.261799	0.290380	-0.796960	137	104	136	810.873
2.617994	0.709924	0.218797	139	37	136	810.734
-2.094395	2.587733	0.232235	28	4	125	810.724
-1.308997	2.664082	-1.071402	139	39	1	810.688
-1.047198	0.290380	-0.796960	114	132	7	810.597
-1.832596	1.732874	-0.951685	15	33	126	810.404
2.879793	0.906588	1.252948	119	121	22	810.359
1.832596	1.450119	-2.739050	133	6	31	810.337
-1.570796	0.709924	0.218797	119	4	125	810.200
2.094395	1.050534	3.042579	118	5	22	809.959
-2.617994	1.135813	-2.658866	14	0	23	809.856
-1.832596	1.948085	-2.363031	15	28	118	809.840
1.570796	0.458961	-0.107937	107	137	19	809.839
0.261799	1.247695	1.809890	21	10	11	809.630
-1.047198	0.700570	1.559208	9	102	132	809.563
2.879793	0.762244	-0.273349	137	39	134	809.453
2.879793	0.496451	0.593859	139	31	117	809.438
0.785398	2.174483	2.653697	18	22	20	809.248
2.879793	1.448123	-2.163292	10	1	28	809.191
-0.261799	1.050534	3.042579	109	9	2	809.082
1.832596	0.640596	-2.797608	11	103	8	809.006
2.094395	1.413347	-1.339188	130	97	138	808.969
-2.094395	1.045978	0.343692	122	106	0	808.925
0.000000	1.247695	1.809890	11	1	27	808.840
-0.261799	0.203748	0.590255	4	101	128	808.738
2.356194	0.992645	-1.723759	132	97	10	808.445
-2.356194	2.478122	2.609777	117	112	19	808.393
2.617994	0.674054	1.013609	136	30	116	808.312
-1.570796	2.455966	-0.641220	139	37	129	808.195
1.308997	2.724429	-0.348782	135	102	6	808.179
-2.094395	2.760637	2.781135	114	123	21	808.127
0.261799	2.637879	2.121598	123	102	6	808.073
-0.785398	1.113094	-0.272241	24	11	25	808.072
-2.356194	0.618092	2.539118	14	37	118	807.688
2.879793	2.295480	1.008277	118	23	5	807.568
1.832596	2.138223	1.678323	133	93	0	807.523
0.785398	1.824694	1.850876	137	38	124	807.410
-0.785398	1.050534	3.042579	15	5	25	807.406
-2.879793	1.335669	0.897240	26	7	21	807.293
1.308997	1.450119	-2.739050	26	24	125	807.284
2.617994	2.063651	-2.044600	12	9	29	807.040
-0.261799	0.733948	3.021411	110	138	7	806.860
-2.356194	1.948085	-2.363031	18	21	116	806.855
0.523599	2.588535	-2.976617	2	106	15	806.607
-2.356194	1.045978	0.343692	19	0	28	806.607
0.000000	2.153910	-1.714959	111	129	6	806.593
-2.879793	2.478122	2.609777	111	122	9	806.530
1.308997	2.089241	-0.114193	8	38	131	806.480
-1.832596	2.356369	3.005869	132	137	107	806.060
0.261799	0.906588	1.252948	105	137	14	805.989
-2.356194	0.615174	-0.666022	3	36	132	805.891
0.523599	1.683268	0.374177	21	19	124	805.830
1.570796	1.617114	-1.572037	126	100	6	805.781
1.308997	2.104282	-0.813972	125	100	138	805.578
1.308997	0.370812	-2.547742	111	123	11	805.573
-3.141593	0.640596	-2.797608	27	13	137	805.488
-1.832596	1.413347	-1.339188	0	93	134	805.336
-0.523599	0.929350	-2.910676	19	23	19	805.222
-0.785398	1.977582	0.969896	0	108	22	804.807
-2.879793	2.104282	-0.813972	27	5	125	804.734
0.261799	1.683268	0.374177	24	139	18	804.715
0.000000	1.448123	-2.163292	30	16	116	804.577
-0.261799	1.836682	-0.676006	114	27	131	804.536
-0.523599	2.393226	1.857173	27	136	139	804.463
2.356194	0.615174	-0.666022	10	32	125	804.422
-0.523599	2.456751	-1.503343	138	28	118	804.406
-2.617994	2.164094	-2.991358	21	21	118	804.302
0.261799	0.080730	-2.622036	113	122	2	804.288
1.570796	2.295480	1.008277	132	27	117	804.243
1.308997	1.374601	-2.456031	128	103	131	804.016
-1.570796	0.458961	-0.107937	118	6	125	803.966
1.832596	0.619654	-2.216909	10	106	12	803.909
2.879793	2.592629	0.909713	116	135	130	803.823
2.094395	2.455966	-0.641220	128	131	109	803.772
0.523599	2.719179	-1.780644	117	116	131	803.662
0.000000	1.658653	-2.409879	112	137	137	803.645
-1.832596	1.335669	0.897240	120	106	3	803.448
-0.261799	1.617114	-1.572037	117	2	25	803.337
2.879793	1.836682	-0.676006	111	3	23	803.305
-2.094395	1.606104	-0.451151	119	108	129	803.225
-0.261799	1.135813	-2.658866	2	102	129	803.128
-0.261799	0.929350	-2.910676	110	135	3	803.120
-0.785398	0.831641	0.616218	18	113	17	803.059
-3.141593	1.756530	-2.105156	15	8	27	802.927
-1.570796	0.297065	2.160177	8	37	114	802.924
1.047198	2.001437	0.381215	9	35	131	802.891
-3.141593	1.736875	3.023612	20	9	18	802.861
0.261799	1.599406	1.426070	14	18	21	802.834
0.523599	1.450119	-2.739050	119	107	1	802.730
0.261799	1.510910	-0.740472	112	119	127	802.729
-1.570796	1.256302	0.062705	126	124	118	802.658
-2.617994	2.592629	0.909713	136	97	138	802.629
2.617994	0.733948	3.021411	111	126	16	802.618
-1.308997	0.906588	1.252948	4	103	133	802.488
2.356194	0.914445	2.687814	30	16	134	802.469
-2.879793	1.448123	-2.163292	16	5	25	802.457
0.261799	1.195355	1.200319	106	0	16	802.451
0.000000	0.379747	-1.713059	113	136	12	802.396
-0.523599	2.396274	-1.959260	133	26	115	802.227
-2.617994	1.872854	1.543456	123	129	26	802.145
2.094395	1.014500	0.906702	136	28	114	802.115
-0.261799	2.295480	1.008277	23	133	129	801.985
1.047198	1.599406	1.426070	14	31	3	801.777
0.000000	1.242974	-2.977882	15	11	25	801.775
-2.094395	0.419640	2.974122	25	19	0	801.755
-2.094395	0.992645	-1.723759	124	36	128	801.643
1.047198	2.587733	0.232235	12	28	115	801.535
-0.261799	2.637879	2.121598	26	136	3	801.426
-0.261799	1.904882	-1.478089	116	3	23	801.422
0.523599	2.664082	-1.071402	30	13	14	801.285
-0.785398	0.914445	2.687814	23	11	17	801.238
0.261799	0.961715	0.014085	138	110	118	801.110
-3.141593	1.214854	-1.966664	22	135	14	800.919
2.617994	1.982574	-1.115518	107	136	22	800.875
1.832596	2.478122	2.609777	18	0	16	800.808
-1.308997	1.909857	-0.381669	2	34	120	800.665
1.308997	2.379497	0.561089	131	24	116	800.563
-1.832596	0.929350	-2.910676	21	2	20	800.540
0.523599	1.440580	2.260026	16	24	17	800.285
-3.141593	1.135834	-1.431087	137	23	111	800.238
1.832596	2.041297	-2.664597	14	105	133	800.198
-2.879793	2.637879	2.121598	112	115	11	800.001
-2.094395	1.301460	-0.509251	15	30	120	799.949
1.308997	1.836682	-0.676006	126	100	136	799.910
-2.879793	0.458961	-0.107937	8	33	122	799.555
1.570796	1.732874	-0.951685	129	98	1	799.555
-0.785398	2.299159	2.264663	111	134	13	799.254
-2.094395	0.297065	2.160177	132	99	139	799.105
-1.308997	0.618092	2.539118	26	136	6	799.057
1.308997	1.128190	-2.288622	129	105	125	799.046
1.308997	1.301460	-0.509251	19	31	127	799.025
1.570796	2.379497	0.561089	114	122	123	799.021
0.261799	1.948085	-2.363031	115	115	139	798.992
2.879793	1.699788	2.452890	114	138	19	798.867
-2.094395	0.864993	2.278281	18	34	115	798.780
2.094395	2.063651	-2.044600	17	113	21	798.771
-1.047198	1.504028	0.636812	10	107	16	798.658
-2.617994	1.699788	2.452890	12	33	120	798.594
1.047198	2.979456	-1.009304	130	100	135	798.537
1.047198	1.869911	2.701025	15	124	114	798.532
1.047198	1.824694	1.850876	14	36	127	798.516
-2.094395	0.591903	2.010408	2	38	119	798.270
1.832596	2.588535	-2.976617	20	19	16	798.258
1.308997	0.914445	2.687814	132	12	25	798.211
-0.261799	0.762244	-0.273349	123	106	135	798.204
-0.785398	2.719179	-1.780644	16	34	126	798.031
1.047198	1.506530	1.988858	16	122	120	797.988
-0.523599	0.615174	-0.666022	0	104	128	797.977
-0.261799	1.335669	0.897240	112	121	18	797.933
-1.832596	1.050534	3.042579	18	138	21	797.903
-1.570796	1.658653	-2.409879	139	4	32	797.858
-2.617994	1.569311	-3.003978	20	26	5	797.789
-0.785398	0.709924	0.218797	5	106	129	797.677
-3.141593	0.379747	-1.713059	24	110	2	797.671
2.617994	0.618092	2.539118	110	131	12	797.594
-2.094395	0.290380	-0.796960	3	94	135	797.594
-2.879793	2.704512	1.488683	114	139	7	797.547
0.261799	1.741644	-2.695914	114	119	9	797.479
-1.570796	1.433411	-1.035986	6	40	136	797.406
1.570796	1.756530	-2.105156	129	104	127	797.391
0.261799	2.724429	-0.348782	8	25	112	797.321
1.570796	2.041297	-2.664597	134	100	136	797.312
-1.308997	1.448123	-2.163292	138	7	31	797.283
1.308997	0.866395	-2.492918	133	101	139	797.234
1.832596	1.569311	-3.003978	128	7	30	797.173
-2.617994	1.504028	0.636812	21	3	29	797.118
-2.617994	0.297065	2.160177	11	105	10	797.118
-0.261799	2.379497	0.561089	5	39	129	797.105
-0.785398	0.864993	2.278281	25	1	10	797.065
0.523599	0.297065	2.160177	114	5	15	796.776
-1.832596	1.247695	1.809890	139	99	131	796.734
2.094395	2.592629	0.909713	127	29	124	796.695
2.617994	1.569311	-3.003978	5	26	112	796.492
-0.523599	1.413347	-1.339188	118	5	22	796.425
-2.356194	1.982574	-1.115518	1	135	111	796.264
1.832596	1.310100	1.488307	136	94	3	796.180
-2.356194	1.433411	-1.035986	24	30	131	796.035
2.094395	1.247695	1.809890	136	92	4	795.977
1.832596	0.685216	-1.712745	139	40	121	795.875
-2.356194	1.756530	-2.105156	17	21	116	795.857
2.879793	2.979456	-1.009304	26	135	12	795.764
1.570796	1.812176	0.656819	134	22	111	795.589
-3.141593	1.870545	-2.976234	21	128	17	795.578
0.523599	2.356369	3.005869	117	109	137	795.510
-2.617994	0.418037	1.360082	116	4	124	795.404
-0.261799	2.664082	-1.071402	5	35	129	795.379
-2.356194	1.696674	-1.253233	23	30	136	795.379
1.047198	1.242974	-2.977882	139	10	100	795.361
-1.570796	2.343981	-1.040456	14	36	133	795.285
0.785398	1.721184	-0.153948	116	124	119	795.218
-0.261799	1.683268	0.374177	25	0	129	795.102
-0.261799	1.756530	-2.105156	115	132	9	795.080
-2.879793	1.433411	-1.035986	112	108	18	795.036
-0.785398	2.063651	-2.044600	130	24	115	794.990
0.000000	2.108018	1.311430	107	138	21	794.983
0.785398	0.992645	-1.723759	125	107	135	794.916
-2.356194	2.108018	1.311430	13	34	126	794.868
1.308997	1.413347	-1.339188	122	102	1	794.774
1.308997	1.904882	-1.478089	124	102	5	794.658
-1.570796	2.174483	2.653697	136	100	5	794.480
2.879793	0.619654	-2.216909	0	97	3	794.387
2.094395	1.846342	-1.796954	10	0	27	794.383
-1.047198	0.866395	-2.492918	139	6	28	794.256
2.617994	1.135813	-2.658866	21	112	1	794.147
-1.047198	2.356369	3.005869	122	4	22	794.099
0.000000	2.104282	-0.813972	23	21	25	794.081
0.261799	2.174483	2.653697	20	6	21	794.074
0.523599	0.992645	-1.723759	132	109	123	794.008
-1.308997	0.619654	-2.216909	18	5	22	793.998
2.356194	0.203748	0.590255	0	94	138	793.914
0.000000	1.606104	-0.451151	19	22	27	793.907
-0.785398	2.393226	1.857173	28	2	127	793.838
0.000000	0.615174	-0.666022	17	110	130	793.767
-0.261799	0.866395	-2.492918	138	34	16	793.680
-1.308997	2.187132	-0.479875	10	37	127	793.669
-2.094395	1.599406	1.426070	137	99	129	793.650
0.000000	0.640596	-2.797608	113	4	4	793.620
-1.047198	2.984978	1.954446	7	102	138	793.377
-3.141593	0.992645	-1.723759	24	126	139	793.114
-1.570796	2.033014	2.977192	132	31	12	793.042
-2.094395	2.041297	-2.664597	17	28	121	793.035
0.261799	2.979456	-1.009304	15	36	131	792.982
0.785398	2.704512	1.488683	5	38	129	792.867
1.047198	0.733948	3.021411	130	12	25	792.864
1.832596	0.910508	1.903534	130	93	132	792.852
0.523599	1.391910	3.030322	13	23	23	792.694
2.094395	2.724429	-0.348782	128	98	1	792.391
-0.523599	1.617114	-1.572037	120	5	25	792.384
-2.094395	2.984978	1.954446	115	0	20	792.339
-2.879793	1.766067	2.153843	34	2	124	792.337
2.879793	1.135834	-1.431087	129	29	118	792.258
-0.523599	1.050534	3.042579	16	11	24	792.255
-1.308997	2.724429	-0.348782	26	139	132	792.201
-1.570796	2.456751	-1.503343	7	94	4	792.047
2.094395	2.404280	-0.174044	129	98	3	792.023
-1.570796	1.510910	-0.740472	7	36	125	792.000
-3.141593	2.108018	1.311430	113	0	2	791.997
0.523599	1.977582	0.969896	138	38	124	791.979
2.617994	0.929350	-2.910676	22	112	4	791.879
-2.617994	2.579248	-2.364801	8	93	1	791.867
0.000000	1.732874	-0.951685	27	15	20	791.842
-1.832596	1.113094	-0.272241	11	30	114	791.822
0.261799	1.488617	1.159546	108	132	23	791.782
-1.570796	1.301460	-0.509251	7	35	122	791.701
2.094395	2.356369	3.005869	8	139	29	791.631
-0.785398	2.153910	-1.714959	120	3	27	791.494
-3.141593	1.218453	2.777284	26	134	15	791.433
1.047198	1.756530	-2.105156	0	38	116	791.433
-1.047198	1.812176	0.656819	8	106	21	791.391
-1.570796	1.134796	2.434290	5	100	139	791.367
-2.617994	1.247695	1.809890	114	110	137	791.281
-0.523599	1.658653	-2.409879	115	134	14	791.252
-1.308997	2.001437	0.381215	10	100	12	791.047
0.000000	1.325504	-1.671296	112	134	11	791.045
0.261799	2.295480	1.008277	3	39	129	791.023
-2.617994	2.108018	1.311430	24	4	28	790.712
2.094395	1.135813	-2.658866	118	139	25	790.708
-1.047198	2.063651	-2.044600	131	26	115	790.653
0.785398	0.709924	0.218797	113	11	21	790.651
1.832596	1.194549	-0.801900	131	98	132	790.633
2.879793	2.153910	-1.714959	28	8	0	790.587
-2.879793	1.574060	2.783565	14	19	21	790.559
-3.141593	1.869911	2.701025	18	19	17	790.475
-0.523599	0.571433	-1.188419	117	9	126	790.402
-2.094395	1.872854	1.543456	138	98	133	790.184
1.832596	1.554776	0.100351	128	34	129	790.176
-0.523599	0.370812	-2.547742	111	135	6	790.134
-1.832596	0.960688	-0.577532	6	34	121	790.078
-0.261799	0.899350	-2.069907	31	7	115	789.880
0.523599	1.824694	1.850876	18	0	20	789.833
-3.141593	2.587733	0.232235	137	97	138	789.805
-0.785398	0.762244	-0.273349	12	104	137	789.799
-0.261799	0.960688	-0.577532	111	6	137	789.729
2.617994	2.379497	0.561089	20	7	30	789.704
-1.832596	1.488617	1.159546	0	102	124	789.615
0.523599	1.836682	-0.676006	21	11	27	789.479
0.261799	2.579248	-2.364801	0	41	124	789.461
-1.570796	0.906588	1.252948	132	105	15	789.429
0.785398	1.113094	-0.272241	23	21	123	789.422
2.356194	0.619654	-2.216909	131	30	107	789.387
1.832596	0.709924	0.218797	9	36	138	789.184
0.261799	1.872854	1.543456	106	122	11	789.172
1.832596	1.506530	1.988858	129	93	134	789.156
0.261799	0.458961	-0.107937	28	8	134	789.140
-0.523599	1.812176	0.656819	110	122	13	789.015
-3.141593	1.599406	1.426070	30	135	12	788.996
-0.261799	1.554776	0.100351	24	125	129	788.964
0.000000	1.374601	-2.456031	113	8	3	788.951
-0.523599	0.290380	-0.796960	4	100	128	788.938
0.785398	0.906588	1.252948	19	26	2	788.711
-2.094395	1.870545	-2.976234	126	1	25	788.654
-3.141593	1.335669	0.897240	113	127	9	788.552
-3.141593	0.762244	-0.273349	12	24	113	788.526
0.261799	2.115563	0.685730	139	38	125	788.498
-0.523599	2.588535	-2.976617	114	139	13	788.438
2.094395	0.571433	-1.188419	28	12	131	788.347
1.308997	2.637879	2.121598	3	35	127	788.227
1.832596	1.242974	-2.977882	121	5	25	788.114
2.094395	2.073035	2.027405	20	9	19	788.083
-2.094395	1.135834	-1.431087	8	31	126	787.891
-1.832596	1.569311	-3.003978	122	20	113	787.849
0.000000	1.214854	-1.966664	114	137	18	787.848
-1.570796	2.187132	-0.479875	18	33	126	787.771
-2.617994	2.073035	2.027405	121	137	23	787.604
-2.617994	2.379497	0.561089	122	114	125	787.500
0.523599	1.948085	-2.363031	11	40	119	787.262
1.047198	2.153910	-1.714959	7	39	120	787.256
2.617994	1.846342	-1.796954	13	4	27	787.250
-1.047198	2.404280	-0.174044	2	37	128	787.238
-2.356194	0.961715	0.014085	8	29	113	787.223
-2.879793	1.440580	2.260026	112	112	2	787.155
1.570796	1.510910	-0.740472	129	99	136	787.145
-1.570796	1.606104	-0.451151	4	34	120	787.124
1.832596	0.866395	-2.492918	10	104	8	786.945
1.308997	1.696674	-1.253233	123	101	1	786.836
-1.570796	2.881233	-2.582574	18	32	128	786.831
-1.308997	1.555207	1.708892	5	101	132	786.812
0.523599	1.310100	1.488307	13	25	15	786.762
-1.832596	2.073035	2.027405	138	98	139	786.758
-2.356194	0.866955	-0.931351	19	28	120	786.334
-0.785398	0.418037	1.360082	9	102	128	786.165
-1.832596	0.899350	-2.069907	128	33	127	786.102
0.261799	0.496451	0.593859	23	138	137	785.986
0.785398	0.496451	0.593859	107	138	17	785.886
2.356194	2.863997	0.549740	113	3	0	785.848
-0.261799	0.866955	-0.931351	2	106	124	785.836
1.047198	1.872854	1.543456	136	38	128	785.815
2.094395	2.349581	-2.702517	12	106	130	785.639
0.523599	2.393226	1.857173	15	35	128	785.609
1.832596	1.135834	-1.431087	125	98	136	785.594
0.261799	2.863997	0.549740	23	23	129	785.572
1.832596	2.863997	0.549740	110	138	12	785.494
1.308997	2.164094	-2.991358	12	7	27	785.492
1.047198	0.866955	-0.931351	125	102	132	785.418
1.570796	1.736875	3.023612	9	10	24	785.352
2.879793	1.736875	3.023612	116	0	23	785.283
-2.094395	0.850607	-1.335383	23	136	16	785.277
-2.617994	2.089241	-0.114193	127	114	120	785.189
2.094395	1.134497	-1.109631	138	97	139	785.039
-0.261799	2.393226	1.857173	13	106	4	784.792
-2.879793	0.709924	0.218797	11	29	115	784.535
-0.785398	2.587733	0.232235	3	37	129	784.383
-3.141593	1.574060	2.783565	27	24	130	784.122
-2.879793	0.080730	-2.622036	19	114	8	784.074
2.094395	2.104282	-0.813972	128	132	114	784.014
-1.047198	1.184361	0.625864	15	106	1	783.938
-1.308997	0.419640	2.974122	24	7	11	783.872
-1.832596	0.615174	-0.666022	5	35	121	783.844
-2.356194	2.089241	-0.114193	27	5	120	783.825
2.617994	2.153910	-1.714959	15	7	26	783.737
-2.879793	1.872854	1.543456	113	112	134	783.575
0.785398	1.599406	1.426070	24	20	132	783.561
-1.570796	1.367556	0.358405	131	101	6	783.402
0.000000	0.866955	-0.931351	26	32	7	783.286
2.094395	1.658653	-2.409879	10	3	26	783.266
1.047198	2.396274	-1.959260	135	42	127	783.203
-2.094395	1.904882	-1.478089	3	93	5	783.102
-2.356194	1.135834	-1.431087	23	26	7	783.092
-2.617994	2.138223	1.678323	116	113	13	783.029
-2.879793	2.592629	0.909713	132	97	139	782.945
2.356194	1.948085	-2.363031	11	10	27	782.900
-1.832596	1.617114	-1.572037	136	94	130	782.816
2.094395	1.696674	-1.253233	131	97	0	782.758
2.617994	1.134497	-1.109631	135	28	115	782.477
1.832596	1.134497	-1.109631	134	98	139	782.445
-2.879793	1.658653	-2.409879	13	25	14	782.436
-0.261799	1.977582	0.969896	21	137	123	782.371
-1.570796	1.045978	0.343692	2	99	0	782.344
-3.141593	1.413347	-1.339188	25	134	15	782.321
0.261799	2.349581	-2.702517	139	46	132	782.310
-2.879793	1.195355	1.200319	113	135	137	782.259
-2.879793	1.569311	-3.003978	22	12	13	782.156
-0.785398	1.413430	2.550734	24	12	19	782.075
-3.141593	1.809167	1.213774	114	139	139	781.927
-1.308997	0.864993	2.278281	7	38	116	781.736
-0.785398	1.998705	2.370472	113	135	18	781.697
-1.308997	0.850607	-1.335383	18	99	129	781.629
-1.047198	2.187132	-0.479875	0	38	127	781.289
-3.141593	2.396274	-1.959260	22	22	10	781.180
2.094395	1.045978	0.343692	6	18	107	781.144
1.308997	1.448123	-2.163292	128	106	126	781.065
-2.617994	2.704512	1.488683	113	137	7	780.931
0.261799	2.592629	0.909713	2	40	133	780.914
-1.832596	2.393226	1.857173	138	98	0	780.727
1.832596	0.419640	2.974122	111	135	12	780.720
-0.261799	1.732874	-0.951685	33	17	6	780.675
-1.832596	2.592629	0.909713	128	105	136	780.659
-3.141593	1.696674	-1.253233	106	123	17	780.628
2.617994	1.194549	-0.801900	28	1	128	780.519
1.047198	2.719179	-1.780644	136	102	16	780.477
-2.094395	2.579248	-2.364801	120	4	27	780.366
0.785398	1.998705	2.370472	18	32	7	780.348
0.261799	1.218453	2.777284	119	126	24	780.104
0.261799	1.506530	1.988858	10	10	24	780.090
-1.570796	2.588535	-2.976617	114	126	18	779.996
1.832596	2.379497	0.561089	114	119	124	779.935
1.570796	1.506530	1.988858	0	35	124	779.898
-0.523599	0.961715	0.014085	113	134	11	779.891
-1.832596	0.618092	2.539118	133	99	134	779.867
2.879793	1.195355	1.200319	119	133	24	779.774
2.879793	1.113094	-0.272241	28	10	121	779.759
-2.879793	2.108018	1.311430	118	129	23	779.701
0.785398	1.869911	2.701025	11	25	24	779.694
-0.261799	1.440580	2.260026	22	19	16	779.649
-0.785398	2.033014	2.977192	0	40	119	779.546
-2.617994	2.881233	-2.582574	5	93	3	779.531
-1.570796	2.153910	-1.714959	17	24	118	779.271
2.617994	0.831641	0.616218	138	27	114	779.258
2.879793	2.104282	-0.813972	110	131	28	779.203
0.785398	1.195355	1.200319	20	25	0	779.195
2.617994	1.391910	3.030322	115	0	21	779.049
2.094395	2.760637	2.781135	26	3	2	779.002
-0.261799	1.574060	2.783565	6	46	124	778.986
1.832596	1.599406	1.426070	138	31	119	778.867
0.261799	0.709924	0.218797	26	129	1	778.818
-1.570796	0.379747	-1.713059	129	95	131	778.730
-1.570796	1.721184	-0.153948	14	31	118	778.524
2.356194	1.025536	1.576859	139	92	5	778.508
-0.523599	2.115563	0.685730	18	132	120	778.453
-2.356194	0.899350	-2.069907	20	11	21	778.415
2.617994	2.295480	1.008277	20	14	28	778.390
-3.141593	1.440580	2.260026	21	136	24	778.319
-1.047198	2.104282	-0.813972	3	38	130	778.309
1.308997	1.335669	0.897240	3	27	112	778.287
1.832596	1.870545	-2.976234	16	104	137	778.070
-2.356194	2.393226	1.857173	123	134	28	777.959
-3.141593	2.073035	2.027405	112	125	19	777.935
2.356194	2.063651	-2.044600	19	116	21	777.873
1.047198	1.617114	-1.572037	0	41	120	777.730
-2.617994	1.168678	2.108595	115	108	139	777.691
-2.617994	0.960688	-0.577532	112	127	129	777.558
-2.879793	0.910508	1.903534	112	112	135	777.428
-2.094395	2.396274	-1.959260	137	92	4	777.422
-0.785398	2.881233	-2.582574	115	112	15	777.416
1.047198	1.417623	-0.202254	132	6	107	777.306
0.261799	1.450119	-2.739050	113	121	7	777.305
0.261799	0.615174	-0.666022	23	10	19	777.162
2.094395	1.301460	-0.509251	136	32	120	776.990
-1.047198	0.419640	2.974122	21	19	12	776.914
0.000000	1.413347	-1.339188	113	8	138	776.886
0.785398	2.041297	-2.664597	133	125	34	776.847
-1.832596	1.662363	0.915448	126	105	138	776.757
-3.141593	2.299159	2.264663	22	30	138	776.557
2.094395	2.396274	-1.959260	137	106	125	776.490
0.000000	1.846342	-1.796954	113	125	13	776.476
1.308997	2.396274	-1.959260	137	37	120	776.461
-2.356194	1.909857	-0.381669	119	112	128	776.396
1.308997	1.113094	-0.272241	18	31	129	776.281
1.047198	1.488617	1.159546	4	32	115	776.206
-1.047198	0.906588	1.252948	7	103	130	776.203
-1.832596	1.025536	1.576859	135	100	125	776.105
1.570796	1.699788	2.452890	137	35	127	776.000
0.000000	1.569311	-3.003978	113	125	12	775.718
1.308997	1.325504	-1.671296	129	103	137	775.574
0.523599	2.881233	-2.582574	4	102	7	775.434
2.094395	0.290380	-0.796960	1	100	138	775.391
-2.617994	1.599406	1.426070	116	117	8	775.121
-2.356194	2.187132	-0.479875	30	7	125	775.071
-0.785398	2.404280	-0.174044	12	37	127	774.998
-2.617994	2.104282	-0.813972	30	6	128	774.986
-1.832596	0.733948	3.021411	12	0	24	774.963
-1.308997	1.128190	-2.288622	13	9	27	774.767
-0.261799	1.870545	-2.976234	14	42	123	774.760
2.879793	1.325504	-1.671296	23	133	11	774.734
1.047198	0.080730	-2.622036	112	129	8	774.693
2.879793	1.025536	1.576859	117	138	16	774.679
1.570796	1.606104	-0.451151	129	100	132	774.555
2.094395	2.164094	-2.991358	12	21	22	774.466
-0.523599	1.510910	-0.740472	27	11	23	774.339
-3.141593	2.881233	-2.582574	20	137	27	774.324
-3.141593	2.984978	1.954446	20	32	132	774.255
1.308997	1.014500	0.906702	7	26	111	774.199
-1.832596	1.045978	0.343692	125	103	0	774.172
-0.785398	1.184361	0.625864	1	113	115	773.908
-2.879793	2.115563	0.685730	18	5	32	773.806
-2.356194	0.914445	2.687814	23	18	14	773.681
1.047198	0.370812	-2.547742	114	137	17	773.631
-0.523599	1.218453	2.777284	20	4	21	773.627
0.261799	1.413430	2.550734	18	22	19	773.584
-0.785398	1.218453	2.777284	23	15	19	773.414
2.879793	1.440580	2.260026	114	138	17	773.343
-2.617994	1.450119	-2.739050	12	1	27	773.187
0.785398	0.458961	-0.107937	130	101	126	772.957
-2.879793	1.662363	0.915448	116	122	17	772.911
2.094395	2.407836	1.410646	112	130	125	772.848
0.523599	1.766067	2.153843	18	34	5	772.787
0.785398	2.089241	-0.114193	115	126	121	772.767
0.523599	1.448123	-2.163292	125	110	122	772.766
0.785398	2.588535	-2.976617	130	103	7	772.685
-0.785398	0.370812	-2.547742	110	136	5	772.612
-0.785398	2.180315	-1.357379	9	29	118	772.498
2.094395	1.766067	2.153843	9	126	28	772.451
2.617994	2.251330	-2.330739	11	12	30	772.282
-0.785398	0.591903	2.010408	19	10	16	772.256
-2.356194	2.063651	-2.044600	19	19	118	772.211
-1.570796	1.113094	-0.272241	4	33	118	772.028
-1.308997	2.041297	-2.664597	121	139	22	771.974
-0.785398	1.545873	-1.877082	5	99	138	771.898
-2.617994	1.413347	-1.339188	24	22	7	771.853
2.617994	2.033014	2.977192	17	13	17	771.844
1.832596	0.831641	0.616218	6	23	109	771.741
-1.308997	0.866395	-2.492918	22	17	19	771.579
-0.785398	0.960688	-0.577532	32	8	13	771.448
2.879793	1.545873	-1.877082	121	34	136	771.375
0.000000	2.138223	1.678323	26	132	8	771.286
0.261799	1.025536	1.576859	26	11	135	771.053
1.570796	1.998705	2.370472	11	18	20	771.030
-3.141593	1.721184	-0.153948	115	1	122	771.027
-2.617994	0.370812	-2.547742	22	107	6	771.002
-2.356194	2.592629	0.909713	110	124	5	770.994
1.047198	0.297065	2.160177	132	95	130	770.910
-2.094395	1.875281	0.107086	125	107	129	770.861
0.261799	1.904882	-1.478089	110	126	12	770.840
-1.308997	1.194549	-0.801900	12	34	120	770.783
-2.356194	2.138223	1.678323	136	96	0	770.582
-1.308997	2.760637	2.781135	138	100	11	770.555
1.047198	1.766067	2.153843	136	36	124	770.539
2.356194	1.417623	-0.202254	124	32	133	770.406
-0.261799	1.809167	1.213774	111	134	27	770.351
2.094395	1.545873	-1.877082	11	114	121	770.332
-1.570796	0.203748	0.590255	15	131	30	770.241
0.261799	2.478122	2.609777	116	108	139	770.164
0.785398	1.875281	0.107086	138	131	115	770.163
1.047198	1.301460	-0.509251	139	101	2	770.047
-1.047198	1.195355	1.200319	134	103	133	770.042
0.523599	0.864993	2.278281	24	30	133	770.005
-1.832596	0.866955	-0.931351	3	94	3	769.984
-1.832596	1.301460	-0.509251	8	33	121	769.979
-1.308997	0.297065	2.160177	24	22	4	769.953
-1.570796	0.929350	-2.910676	19	116	21	769.942
-2.879793	1.812176	0.656819	113	120	2	769.934
-3.141593	1.128190	-2.288622	23	14	4	769.914
1.832596	2.295480	1.008277	114	121	124	769.893
-0.261799	1.242974	-2.977882	16	9	26	769.881
-2.094395	1.218453	2.777284	24	8	17	769.570
0.000000	1.555207	1.708892	28	17	120	769.536
-2.094395	2.001437	0.381215	124	107	131	769.281
-2.617994	2.393226	1.857173	116	109	8	769.167
-1.570796	1.242974	-2.977882	21	7	23	769.152
0.261799	1.812176	0.656819	121	102	1	769.020
2.617994	2.089241	-0.114193	125	10	115	768.877
-1.832596	0.961715	0.014085	33	14	9	768.832
1.570796	2.187132	-0.479875	132	100	130	768.797
-0.261799	2.251330	-2.330739	115	122	10	768.697
-2.094395	2.073035	2.027405	132	8	29	768.448
0.523599	1.732874	-0.951685	25	127	19	768.333
-2.617994	1.433411	-1.035986	28	17	1	768.301
0.261799	2.664082	-1.071402	110	117	9	768.272
-2.356194	0.458961	-0.107937	114	133	135	768.245
-2.094395	2.295480	1.008277	10	99	0	768.211
-3.141593	1.699788	2.452890	113	129	20	768.080
-0.785398	0.203748	0.590255	126	103	124	767.996
-2.879793	2.984978	1.954446	112	3	9	767.984
0.785398	0.615174	-0.666022	125	103	130	767.891
1.832596	1.325504	-1.671296	132	99	10	767.707
-0.523599	2.247462	0.191623	5	39	128	767.664
-2.094395	0.418037	1.360082	138	105	15	767.533
-1.308997	1.606104	-0.451151	6	36	124	767.217
-2.879793	1.846342	-1.796954	24	22	6	767.190
-2.879793	2.393226	1.857173	114	109	10	767.128
-0.261799	2.041297	-2.664597	115	131	13	767.042
2.356194	2.979456	-1.009304	118	106	7	767.012
-1.047198	1.869911	2.701025	123	3	24	766.894
-1.308997	1.554776	0.100351	4	99	1	766.891
1.308997	1.247695	1.809890	4	34	120	766.789
2.617994	1.977582	0.969896	118	113	121	766.632
-2.356194	0.290380	-0.796960	128	93	135	766.586
-1.047198	1.218453	2.777284	137	11	27	766.525
0.000000	0.866395	-2.492918	113	9	137	766.487
2.879793	1.450119	-2.739050	134	116	32	766.401
-2.879793	1.218453	2.777284	25	10	13	766.389
2.879793	2.984978	1.954446	23	29	132	766.355
2.879793	0.733948	3.021411	138	34	115	766.203
1.308997	2.587733	0.232235	137	40	6	766.125
-1.308997	1.335669	0.897240	130	100	12	766.120
1.308997	1.242974	-2.977882	136	99	3	766.117
2.094395	2.863997	0.549740	111	2	5	765.978
-2.617994	2.041297	-2.664597	20	29	131	765.930
1.308997	0.899350	-2.069907	134	106	122	765.898
-2.879793	1.325504	-1.671296	26	10	8	765.866
-1.047198	1.836682	-0.676006	12	36	124	765.770
-0.261799	2.164094	-2.991358	0	43	124	765.711
-1.047198	1.741644	-2.695914	123	136	25	765.707
-0.261799	2.396274	-1.959260	133	24	113	765.564
-2.879793	2.295480	1.008277	19	4	32	765.466
-3.141593	1.488617	1.159546	117	133	22	765.438
-0.261799	1.569311	-3.003978	13	7	28	765.425
2.356194	0.961715	0.014085	137	25	117	765.387
2.617994	1.113094	-0.272241	27	6	121	765.385
-0.523599	2.174483	2.653697	112	132	15	765.347
-1.308997	1.662363	0.915448	128	99	6	765.328
-1.047198	0.080730	-2.622036	113	5	12	765.310
0.261799	2.153910	-1.714959	113	121	16	765.245
2.879793	0.674054	1.013609	113	134	10	765.111
-2.879793	1.134497	-1.109631	129	19	112	765.064
1.047198	2.456751	-1.503343	124	102	6	765.039
-0.785398	0.640596	-2.797608	20	23	17	764.989
-1.308997	2.979456	-1.009304	3	94	10	764.906
-2.879793	1.135834	-1.431087	0	23	112	764.770
-1.832596	2.115563	0.685730	132	102	1	764.521
0.785398	2.984978	1.954446	23	136	139	764.512
0.523599	2.349581	-2.702517	134	38	117	764.497
1.047198	1.658653	-2.409879	139	120	31	764.388
-3.141593	1.732874	-0.951685	108	124	23	764.362
1.308997	2.760637	2.781135	22	21	12	764.325
-1.047198	1.545873	-1.877082	1	97	139	764.023
0.523599	0.203748	0.590255	14	103	128	763.936
-0.523599	0.910508	1.903534	16	9	18	763.904
-2.356194	2.174483	2.653697	120	109	21	763.851
1.047198	1.696674	-1.253233	119	104	2	763.832
-3.141593	0.961715	0.014085	114	132	23	763.804
-0.523599	0.850607	-1.335383	113	131	136	763.789
-2.094395	0.203748	0.590255	32	10	6	763.770
-2.879793	0.379747	-1.713059	5	38	136	763.734
1.832596	0.960688	-0.577532	19	2	119	763.596
0.000000	0.571433	-1.188419	3	104	127	763.561
0.261799	1.391910	3.030322	14	21	24	763.533
0.523599	2.579248	-2.364801	0	40	122	763.500
-0.523599	2.379497	0.561089	17	128	116	763.487
-2.879793	1.025536	1.576859	113	5	133	763.433
-2.617994	2.247462	0.191623	115	113	134	763.426
2.879793	0.591903	2.010408	111	134	7	763.399
-1.832596	1.325504	-1.671296	130	32	123	763.398
0.000000	0.961715	0.014085	137	111	118	763.336
2.879793	1.242974	-2.977882	27	114	137	763.304
1.832596	1.510910	-0.740472	136	98	139	763.234
-0.523599	1.134497	-1.109631	113	130	132	763.222
2.617994	1.904882	-1.478089	16	3	24	763.125
-2.356194	1.325504	-1.671296	10	26	120	762.922
-2.094395	0.458961	-0.107937	0	33	117	762.816
2.094395	2.180315	-1.357379	134	98	6	762.797
-1.832596	1.766067	2.153843	139	98	0	762.781
-1.308997	0.370812	-2.547742	30	14	1	762.752
-1.832596	0.831641	0.616218	126	104	2	762.729
-1.047198	0.685216	-1.712745	118	11	119	762.645
-2.356194	0.080730	-2.622036	22	130	10	762.346
1.308997	1.504028	0.636812	16	28	127	762.287
2.879793	0.864993	2.278281	5	111	23	762.283
0.261799	0.571433	-1.188419	23	6	18	762.252
2.617994	0.866395	-2.492918	24	136	130	762.188
-2.879793	0.290380	-0.796960	129	33	130	762.188
0.523599	1.504028	0.636812	19	22	15	762.137
0.523599	1.909857	-0.381669	114	126	123	762.080
-0.523599	2.719179	-1.780644	112	131	18	761.982
1.047198	2.174483	2.653697	19	20	16	761.904
0.000000	1.391910	3.030322	26	19	5	761.812
-3.141593	2.637879	2.121598	112	137	15	761.743
-1.308997	1.488617	1.159546	136	104	133	761.577
2.879793	1.134497	-1.109631	104	123	2	761.558
-0.523599	2.979456	-1.009304	3	26	107	761.528
-1.308997	2.719179	-1.780644	116	26	4	761.474
-2.094395	1.214854	-1.966664	6	31	123	761.391
2.356194	1.045978	0.343692	6	27	120	761.381
1.047198	1.433411	-1.035986	118	104	136	761.379
-1.047198	1.417623	-0.202254	32	7	17	761.295
-2.879793	0.496451	0.593859	139	30	114	761.281
-2.094395	1.756530	-2.105156	15	23	116	761.247
2.356194	0.906588	1.252948	3	27	111	761.219
-2.094395	1.194549	-0.801900	19	30	121	761.086
1.832596	0.458961	-0.107937	14	32	130	761.068
-1.832596	1.242974	-2.977882	20	3	23	761.045
-2.879793	2.001437	0.381215	16	36	134	760.912
2.356194	2.407836	1.410646	112	126	125	760.835
1.570796	1.256302	0.062705	1	35	126	760.484
0.261799	1.870545	-2.976234	16	18	24	760.458
-1.832596	0.700570	1.559208	131	101	125	760.404
-0.523599	1.440580	2.260026	112	126	121	760.237
-0.523599	1.391910	3.030322	18	5	24	760.106
1.570796	0.709924	0.218797	15	30	128	760.104
0.785398	1.812176	0.656819	19	17	19	760.103
1.308997	1.214854	-1.966664	7	35	112	760.047
-2.094395	1.846342	-1.796954	27	20	11	759.922
2.356194	1.247695	1.809890	130	4	29	759.774
0.000000	1.998705	2.370472	24	7	16	759.575
0.523599	2.984978	1.954446	24	25	9	759.508
2.879793	2.063651	-2.044600	22	21	7	759.450
-0.261799	0.850607	-1.335383	16	103	138	759.353
1.047198	1.662363	0.915448	0	31	115	759.345
0.000000	0.700570	1.559208	25	4	2	759.260
2.356194	0.370812	-2.547742	13	34	112	759.219
1.308997	1.025536	1.576859	5	33	117	759.164
1.047198	2.299159	2.264663	21	1	13	759.130
0.261799	2.719179	-1.780644	133	28	114	759.098
-1.570796	1.214854	-1.966664	124	28	121	758.908
0.000000	1.168678	2.108595	28	14	122	758.894
-0.785398	1.982574	-1.115518	119	7	19	758.890
-1.832596	2.174483	2.653697	4	99	4	758.852
-1.047198	2.664082	-1.071402	138	31	122	758.746
0.261799	1.545873	-1.877082	111	139	16	758.710
1.047198	1.569311	-3.003978	128	102	130	758.666
-0.261799	1.736875	3.023612	7	127	31	758.651
-1.047198	2.180315	-1.357379	7	25	117	758.453
-1.308997	2.108018	1.311430	12	105	129	758.350
-3.141593	2.863997	0.549740	9	98	0	758.266
0.523599	2.174483	2.653697	23	18	16	758.247
-3.141593	2.138223	1.678323	111	118	14	758.164
-2.879793	2.760637	2.781135	120	2	28	758.120
2.617994	1.301460	-0.509251	27	3	123	757.870
-1.047198	2.299159	2.264663	8	40	123	757.870
1.570796	2.455966	-0.641220	134	100	5	757.734
-2.356194	1.301460	-0.509251	18	27	118	757.652
-2.356194	2.041297	-2.664597	18	22	116	757.548
-1.570796	1.662363	0.915448	131	103	1	757.541
-0.785398	1.736875	3.023612	124	18	19	757.487
2.356194	1.736875	3.023612	11	113	21	757.463
-2.094395	0.496451	0.593859	116	4	129	757.458
1.047198	2.637879	2.121598	20	137	14	757.304
-1.047198	2.863997	0.549740	108	15	0	757.143
-2.356194	2.001437	0.381215	122	110	131	757.141
1.308997	2.979456	-1.009304	2	99	9	757.039
-1.832596	2.724429	-0.348782	108	126	20	756.801
0.785398	1.325504	-1.671296	135	44	124	756.594
-1.047198	1.510910	-0.740472	11	36	122	756.460
0.000000	2.187132	-0.479875	113	26	132	756.244
-2.879793	0.640596	-2.797608	22	4	10	756.199
2.617994	2.396274	-1.959260	23	11	16	756.173
1.832596	0.992645	-1.723759	22	21	117	755.987
1.047198	1.812176	0.656819	104	0	23	755.901
0.785398	0.290380	-0.796960	133	103	7	755.887
-1.047198	0.674054	1.013609	128	102	136	755.577
-0.261799	2.704512	1.488683	108	133	23	755.563
-0.785398	2.863997	0.549740	112	125	127	755.514
2.879793	1.870545	-2.976234	24	121	9	755.433
-0.785398	0.850607	-1.335383	116	110	127	755.314
-0.261799	1.506530	1.988858	28	14	123	755.231
1.047198	2.104282	-0.813972	135	120	114	755.191
2.617994	1.909857	-0.381669	21	135	19	755.184
-0.261799	2.356369	3.005869	6	43	125	755.125
2.879793	2.863997	0.549740	135	98	10	755.000
-0.261799	1.134497	-1.109631	124	108	124	754.910
2.617994	0.203748	0.590255	129	93	131	754.844
-0.261799	2.863997	0.549740	25	14	131	754.824
1.047198	2.724429	-0.348782	137	36	129	754.793
1.832596	0.618092	2.539118	27	121	2	754.720
-1.047198	1.606104	-0.451151	12	35	119	754.693
-1.832596	2.153910	-1.714959	4	94	134	754.680
-2.879793	0.418037	1.360082	114	20	124	754.603
-1.308997	2.455966	-0.641220	15	36	130	754.551
-2.094395	0.700570	1.559208	114	2	133	754.388
-0.785398	1.948085	-2.363031	121	2	23	754.354
-3.141593	0.297065	2.160177	114	1	128	754.127
2.879793	0.685216	-1.712745	136	95	132	754.047
2.356194	2.174483	2.653697	20	132	20	754.006
-3.141593	0.700570	1.559208	29	131	13	753.939
-0.785398	1.904882	-1.478089	121	7	24	753.919
-1.047198	0.640596	-2.797608	23	18	16	753.859
1.570796	2.724429	-0.348782	118	139	125	753.856
-1.308997	1.417623	-0.202254	6	33	119	753.793
-1.308997	2.356369	3.005869	119	7	15	753.765
1.308997	0.640596	-2.797608	0	99	136	753.719
-1.308997	1.168678	2.108595	3	42	123	753.695
-0.261799	2.979456	-1.009304	20	30	131	753.656
0.785398	1.488617	1.159546	131	99	0	753.641
-0.785398	0.496451	0.593859	126	104	127	753.487
-2.094395	1.662363	0.915448	7	129	112	753.397
-2.617994	0.910508	1.903534	113	110	135	753.365
1.832596	1.504028	0.636812	7	26	118	753.327
-0.523599	1.721184	-0.153948	25	6	26	753.300
0.000000	2.001437	0.381215	26	3	139	753.270
1.832596	2.455966	-0.641220	130	130	109	753.104
-2.356194	1.247695	1.809890	117	107	135	753.045
-0.261799	2.247462	0.191623	0	39	129	753.023
-1.047198	0.458961	-0.107937	15	102	7	753.021
0.261799	0.203748	0.590255	23	136	135	752.929
0.000000	1.184361	0.625864	24	10	8	752.803
1.047198	1.128190	-2.288622	129	107	11	752.799
2.879793	2.164094	-2.991358	25	2	9	752.793
-1.047198	0.379747	-1.713059	116	17	127	752.338
-1.832596	1.391910	3.030322	2	114	28	752.232
-1.570796	1.909857	-0.381669	13	34	123	752.173
-0.523599	2.881233	-2.582574	2	105	125	752.114
-0.523599	0.709924	0.218797	135	96	11	752.070
0.261799	2.138223	1.678323	105	121	9	752.005
2.356194	0.700570	1.559208	123	27	6	751.863
0.261799	1.050534	3.042579	117	119	25	751.692
2.617994	0.080730	-2.622036	127	100	139	751.617
2.094395	2.984978	1.954446	138	94	11	751.312
-3.141593	1.555207	1.708892	116	116	122	751.312
0.000000	1.909857	-0.381669	18	7	31	751.255
2.617994	2.588535	-2.976617	25	7	2	751.221
0.785398	2.343981	-1.040456	120	118	125	751.209
-0.261799	0.864993	2.278281	24	20	10	751.195
2.094395	2.247462	0.191623	117	116	122	751.139
-2.879793	1.413347	-1.339188	28	12	5	751.135
-1.570796	0.618092	2.539118	137	99	134	751.078
2.879793	2.299159	2.264663	115	0	22	751.055
0.785398	2.033014	2.977192	123	104	0	750.926
2.879793	0.203748	0.590255	112	134	9	750.917
-2.094395	1.128190	-2.288622	1	32	118	750.910
-0.261799	1.135834	-1.431087	112	0	9	750.904
1.570796	1.184361	0.625864	8	22	109	750.807
1.570796	2.760637	2.781135	9	102	132	750.796
-2.094395	2.979456	-1.009304	23	26	10	750.524
-1.570796	2.349581	-2.702517	13	34	124	750.449
2.879793	1.574060	2.783565	29	20	129	750.276
-1.832596	1.374601	-2.456031	132	35	123	750.273
-2.356194	0.674054	1.013609	112	129	139	750.145
-0.523599	1.025536	1.576859	16	4	23	749.986
1.308997	2.356369	3.005869	18	18	19	749.943
-2.617994	0.674054	1.013609	116	9	126	749.875
-2.356194	2.153910	-1.714959	18	15	116	749.784
-2.094395	1.982574	-1.115518	9	11	112	749.771
-3.141593	0.899350	-2.069907	23	135	11	749.729
-1.308997	1.732874	-0.951685	5	39	132	749.688
0.000000	1.014500	0.906702	19	14	20	749.664
